Mensaje I / 00:00:00:000 / Root(00) para top(01)
Mensaje I / 00:00:00:000 / top(01) para 5inmg(02)
Mensaje I / 00:00:00:000 / 5inmg(02) para 5inmg(0,0)(03)
Mensaje I / 00:00:00:000 / 5inmg(02) para 5inmg(0,1)(04)
Mensaje I / 00:00:00:000 / 5inmg(02) para 5inmg(0,2)(05)
Mensaje I / 00:00:00:000 / 5inmg(02) para 5inmg(0,3)(06)
Mensaje I / 00:00:00:000 / 5inmg(02) para 5inmg(0,4)(07)
Mensaje I / 00:00:00:000 / 5inmg(02) para 5inmg(0,5)(08)
Mensaje I / 00:00:00:000 / 5inmg(02) para 5inmg(1,0)(09)
Mensaje I / 00:00:00:000 / 5inmg(02) para 5inmg(1,1)(10)
Mensaje I / 00:00:00:000 / 5inmg(02) para 5inmg(1,2)(11)
Mensaje I / 00:00:00:000 / 5inmg(02) para 5inmg(1,3)(12)
Mensaje I / 00:00:00:000 / 5inmg(02) para 5inmg(1,4)(13)
Mensaje I / 00:00:00:000 / 5inmg(02) para 5inmg(1,5)(14)
Mensaje I / 00:00:00:000 / 5inmg(02) para 5inmg(2,0)(15)
Mensaje I / 00:00:00:000 / 5inmg(02) para 5inmg(2,1)(16)
Mensaje I / 00:00:00:000 / 5inmg(02) para 5inmg(2,2)(17)
Mensaje I / 00:00:00:000 / 5inmg(02) para 5inmg(2,3)(18)
Mensaje I / 00:00:00:000 / 5inmg(02) para 5inmg(2,4)(19)
Mensaje I / 00:00:00:000 / 5inmg(02) para 5inmg(2,5)(20)
Mensaje I / 00:00:00:000 / 5inmg(02) para 5inmg(3,0)(21)
Mensaje I / 00:00:00:000 / 5inmg(02) para 5inmg(3,1)(22)
Mensaje I / 00:00:00:000 / 5inmg(02) para 5inmg(3,2)(23)
Mensaje I / 00:00:00:000 / 5inmg(02) para 5inmg(3,3)(24)
Mensaje I / 00:00:00:000 / 5inmg(02) para 5inmg(3,4)(25)
Mensaje I / 00:00:00:000 / 5inmg(02) para 5inmg(3,5)(26)
Mensaje I / 00:00:00:000 / 5inmg(02) para 5inmg(4,0)(27)
Mensaje I / 00:00:00:000 / 5inmg(02) para 5inmg(4,1)(28)
Mensaje I / 00:00:00:000 / 5inmg(02) para 5inmg(4,2)(29)
Mensaje I / 00:00:00:000 / 5inmg(02) para 5inmg(4,3)(30)
Mensaje I / 00:00:00:000 / 5inmg(02) para 5inmg(4,4)(31)
Mensaje I / 00:00:00:000 / 5inmg(02) para 5inmg(4,5)(32)
Mensaje I / 00:00:00:000 / 5inmg(02) para 5inmg(5,0)(33)
Mensaje I / 00:00:00:000 / 5inmg(02) para 5inmg(5,1)(34)
Mensaje I / 00:00:00:000 / 5inmg(02) para 5inmg(5,2)(35)
Mensaje I / 00:00:00:000 / 5inmg(02) para 5inmg(5,3)(36)
Mensaje I / 00:00:00:000 / 5inmg(02) para 5inmg(5,4)(37)
Mensaje I / 00:00:00:000 / 5inmg(02) para 5inmg(5,5)(38)
Mensaje I / 00:00:00:000 / 5inmg(02) para 5inmg(6,0)(39)
Mensaje I / 00:00:00:000 / 5inmg(02) para 5inmg(6,1)(40)
Mensaje I / 00:00:00:000 / 5inmg(02) para 5inmg(6,2)(41)
Mensaje I / 00:00:00:000 / 5inmg(02) para 5inmg(6,3)(42)
Mensaje I / 00:00:00:000 / 5inmg(02) para 5inmg(6,4)(43)
Mensaje I / 00:00:00:000 / 5inmg(02) para 5inmg(6,5)(44)
Mensaje D / 00:00:00:000 / 5inmg(0,0)(03) / ... para 5inmg(02)
Mensaje D / 00:00:00:000 / 5inmg(0,1)(04) / ... para 5inmg(02)
Mensaje D / 00:00:00:000 / 5inmg(0,2)(05) / ... para 5inmg(02)
Mensaje D / 00:00:00:000 / 5inmg(0,3)(06) / ... para 5inmg(02)
Mensaje D / 00:00:00:000 / 5inmg(0,4)(07) / ... para 5inmg(02)
Mensaje D / 00:00:00:000 / 5inmg(0,5)(08) / ... para 5inmg(02)
Mensaje D / 00:00:00:000 / 5inmg(1,0)(09) / ... para 5inmg(02)
Mensaje D / 00:00:00:000 / 5inmg(1,1)(10) / ... para 5inmg(02)
Mensaje D / 00:00:00:000 / 5inmg(1,2)(11) / ... para 5inmg(02)
Mensaje D / 00:00:00:000 / 5inmg(1,3)(12) / ... para 5inmg(02)
Mensaje D / 00:00:00:000 / 5inmg(1,4)(13) / ... para 5inmg(02)
Mensaje D / 00:00:00:000 / 5inmg(1,5)(14) / ... para 5inmg(02)
Mensaje D / 00:00:00:000 / 5inmg(2,0)(15) / ... para 5inmg(02)
Mensaje D / 00:00:00:000 / 5inmg(2,1)(16) / ... para 5inmg(02)
Mensaje D / 00:00:00:000 / 5inmg(2,2)(17) / ... para 5inmg(02)
Mensaje D / 00:00:00:000 / 5inmg(2,3)(18) / ... para 5inmg(02)
Mensaje D / 00:00:00:000 / 5inmg(2,4)(19) / ... para 5inmg(02)
Mensaje D / 00:00:00:000 / 5inmg(2,5)(20) / ... para 5inmg(02)
Mensaje D / 00:00:00:000 / 5inmg(3,0)(21) / ... para 5inmg(02)
Mensaje D / 00:00:00:000 / 5inmg(3,1)(22) / ... para 5inmg(02)
Mensaje D / 00:00:00:000 / 5inmg(3,2)(23) / ... para 5inmg(02)
Mensaje D / 00:00:00:000 / 5inmg(3,3)(24) / ... para 5inmg(02)
Mensaje D / 00:00:00:000 / 5inmg(3,4)(25) / ... para 5inmg(02)
Mensaje D / 00:00:00:000 / 5inmg(3,5)(26) / ... para 5inmg(02)
Mensaje D / 00:00:00:000 / 5inmg(4,0)(27) / ... para 5inmg(02)
Mensaje D / 00:00:00:000 / 5inmg(4,1)(28) / ... para 5inmg(02)
Mensaje D / 00:00:00:000 / 5inmg(4,2)(29) / ... para 5inmg(02)
Mensaje D / 00:00:00:000 / 5inmg(4,3)(30) / ... para 5inmg(02)
Mensaje D / 00:00:00:000 / 5inmg(4,4)(31) / ... para 5inmg(02)
Mensaje D / 00:00:00:000 / 5inmg(4,5)(32) / ... para 5inmg(02)
Mensaje D / 00:00:00:000 / 5inmg(5,0)(33) / ... para 5inmg(02)
Mensaje D / 00:00:00:000 / 5inmg(5,1)(34) / ... para 5inmg(02)
Mensaje D / 00:00:00:000 / 5inmg(5,2)(35) / ... para 5inmg(02)
Mensaje D / 00:00:00:000 / 5inmg(5,3)(36) / ... para 5inmg(02)
Mensaje D / 00:00:00:000 / 5inmg(5,4)(37) / ... para 5inmg(02)
Mensaje D / 00:00:00:000 / 5inmg(5,5)(38) / ... para 5inmg(02)
Mensaje D / 00:00:00:000 / 5inmg(6,0)(39) / ... para 5inmg(02)
Mensaje D / 00:00:00:000 / 5inmg(6,1)(40) / ... para 5inmg(02)
Mensaje D / 00:00:00:000 / 5inmg(6,2)(41) / ... para 5inmg(02)
Mensaje D / 00:00:00:000 / 5inmg(6,3)(42) / ... para 5inmg(02)
Mensaje D / 00:00:00:000 / 5inmg(6,4)(43) / ... para 5inmg(02)
Mensaje D / 00:00:00:000 / 5inmg(6,5)(44) / ... para 5inmg(02)
Mensaje D / 00:00:00:000 / 5inmg(02) / ... para top(01)
Mensaje D / 00:00:00:000 / top(01) / ... para Root(00)
Mensaje X / 00:00:00:000 / Root(00) / in2 /      1.00000 para top(01)
Mensaje X / 00:00:00:000 / top(01) / in2 /      1.00000 para 5inmg(02)
Mensaje X / 00:00:00:000 / 5inmg(02) / in /      1.00000 para 5inmg(1,1)(10)
Mensaje D / 00:00:00:000 / 5inmg(1,1)(10) / 00:00:00:000 para 5inmg(02)
Mensaje D / 00:00:00:000 / 5inmg(02) / 00:00:00:000 para top(01)
Mensaje D / 00:00:00:000 / top(01) / 00:00:00:000 para Root(00)
Mensaje X / 00:00:00:000 / Root(00) / in3 /      1.00000 para top(01)
Mensaje X / 00:00:00:000 / top(01) / in3 /      1.00000 para 5inmg(02)
Mensaje X / 00:00:00:000 / 5inmg(02) / in /      1.00000 para 5inmg(5,1)(34)
Mensaje D / 00:00:00:000 / 5inmg(5,1)(34) / 00:00:00:000 para 5inmg(02)
Mensaje D / 00:00:00:000 / 5inmg(02) / 00:00:00:000 para top(01)
Mensaje D / 00:00:00:000 / top(01) / 00:00:00:000 para Root(00)
Mensaje * / 00:00:00:000 / Root(00) para top(01)
Mensaje * / 00:00:00:000 / top(01) para 5inmg(02)
Mensaje * / 00:00:00:000 / 5inmg(02) para 5inmg(1,1)(10)
Mensaje * / 00:00:00:000 / 5inmg(02) para 5inmg(5,1)(34)
Mensaje Y / 00:00:00:000 / 5inmg(1,1)(10) / out /      1.00000 para 5inmg(02)
Mensaje D / 00:00:00:000 / 5inmg(1,1)(10) / ... para 5inmg(02)
Mensaje Y / 00:00:00:000 / 5inmg(5,1)(34) / out /      1.00000 para 5inmg(02)
Mensaje D / 00:00:00:000 / 5inmg(5,1)(34) / ... para 5inmg(02)
Mensaje X / 00:00:00:000 / 5inmg(02) / neighborchange /      1.00000 para 5inmg(0,1)(04)
Mensaje X / 00:00:00:000 / 5inmg(02) / neighborchange /      1.00000 para 5inmg(1,0)(09)
Mensaje X / 00:00:00:000 / 5inmg(02) / neighborchange /      1.00000 para 5inmg(1,1)(10)
Mensaje X / 00:00:00:000 / 5inmg(02) / neighborchange /      1.00000 para 5inmg(1,2)(11)
Mensaje X / 00:00:00:000 / 5inmg(02) / neighborchange /      1.00000 para 5inmg(2,1)(16)
Mensaje X / 00:00:00:000 / 5inmg(02) / neighborchange /      1.00000 para 5inmg(4,1)(28)
Mensaje X / 00:00:00:000 / 5inmg(02) / neighborchange /      1.00000 para 5inmg(5,0)(33)
Mensaje X / 00:00:00:000 / 5inmg(02) / neighborchange /      1.00000 para 5inmg(5,1)(34)
Mensaje X / 00:00:00:000 / 5inmg(02) / neighborchange /      1.00000 para 5inmg(5,2)(35)
Mensaje X / 00:00:00:000 / 5inmg(02) / neighborchange /      1.00000 para 5inmg(6,1)(40)
Mensaje D / 00:00:00:000 / 5inmg(0,1)(04) / ... para 5inmg(02)
Mensaje D / 00:00:00:000 / 5inmg(1,0)(09) / ... para 5inmg(02)
Mensaje D / 00:00:00:000 / 5inmg(1,1)(10) / 00:00:00:010 para 5inmg(02)
Mensaje D / 00:00:00:000 / 5inmg(1,2)(11) / ... para 5inmg(02)
Mensaje D / 00:00:00:000 / 5inmg(2,1)(16) / 00:00:00:010 para 5inmg(02)
Mensaje D / 00:00:00:000 / 5inmg(4,1)(28) / 00:00:00:010 para 5inmg(02)
Mensaje D / 00:00:00:000 / 5inmg(5,0)(33) / ... para 5inmg(02)
Mensaje D / 00:00:00:000 / 5inmg(5,1)(34) / 00:00:00:010 para 5inmg(02)
Mensaje D / 00:00:00:000 / 5inmg(5,2)(35) / ... para 5inmg(02)
Mensaje D / 00:00:00:000 / 5inmg(6,1)(40) / ... para 5inmg(02)
Mensaje D / 00:00:00:000 / 5inmg(02) / 00:00:00:010 para top(01)
Mensaje D / 00:00:00:000 / top(01) / 00:00:00:010 para Root(00)
Mensaje X / 00:00:00:010 / Root(00) / in1 /      1.00000 para top(01)
Mensaje X / 00:00:00:010 / top(01) / in1 /      1.00000 para 5inmg(02)
Mensaje X / 00:00:00:010 / 5inmg(02) / in /      1.00000 para 5inmg(3,0)(21)
Mensaje D / 00:00:00:010 / 5inmg(3,0)(21) / 00:00:00:000 para 5inmg(02)
Mensaje D / 00:00:00:010 / 5inmg(02) / 00:00:00:000 para top(01)
Mensaje D / 00:00:00:010 / top(01) / 00:00:00:000 para Root(00)
Mensaje X / 00:00:00:010 / Root(00) / in4 /     -1.00000 para top(01)
Mensaje X / 00:00:00:010 / top(01) / in4 /     -1.00000 para 5inmg(02)
Mensaje X / 00:00:00:010 / 5inmg(02) / in /     -1.00000 para 5inmg(0,3)(06)
Mensaje D / 00:00:00:010 / 5inmg(0,3)(06) / 00:00:00:000 para 5inmg(02)
Mensaje D / 00:00:00:010 / 5inmg(02) / 00:00:00:000 para top(01)
Mensaje D / 00:00:00:010 / top(01) / 00:00:00:000 para Root(00)
Mensaje X / 00:00:00:010 / Root(00) / in5 /     -1.00000 para top(01)
Mensaje X / 00:00:00:010 / top(01) / in5 /     -1.00000 para 5inmg(02)
Mensaje X / 00:00:00:010 / 5inmg(02) / in /     -1.00000 para 5inmg(6,3)(42)
Mensaje D / 00:00:00:010 / 5inmg(6,3)(42) / 00:00:00:000 para 5inmg(02)
Mensaje D / 00:00:00:010 / 5inmg(02) / 00:00:00:000 para top(01)
Mensaje D / 00:00:00:010 / top(01) / 00:00:00:000 para Root(00)
Mensaje * / 00:00:00:010 / Root(00) para top(01)
Mensaje * / 00:00:00:010 / top(01) para 5inmg(02)
Mensaje * / 00:00:00:010 / 5inmg(02) para 5inmg(1,1)(10)
Mensaje * / 00:00:00:010 / 5inmg(02) para 5inmg(2,1)(16)
Mensaje * / 00:00:00:010 / 5inmg(02) para 5inmg(4,1)(28)
Mensaje * / 00:00:00:010 / 5inmg(02) para 5inmg(5,1)(34)
Mensaje * / 00:00:00:010 / 5inmg(02) para 5inmg(3,0)(21)
Mensaje * / 00:00:00:010 / 5inmg(02) para 5inmg(0,3)(06)
Mensaje * / 00:00:00:010 / 5inmg(02) para 5inmg(6,3)(42)
Mensaje Y / 00:00:00:010 / 5inmg(1,1)(10) / out /      0.00000 para 5inmg(02)
Mensaje D / 00:00:00:010 / 5inmg(1,1)(10) / ... para 5inmg(02)
Mensaje Y / 00:00:00:010 / 5inmg(2,1)(16) / out /      1.00000 para 5inmg(02)
Mensaje D / 00:00:00:010 / 5inmg(2,1)(16) / ... para 5inmg(02)
Mensaje Y / 00:00:00:010 / 5inmg(4,1)(28) / out /      1.00000 para 5inmg(02)
Mensaje D / 00:00:00:010 / 5inmg(4,1)(28) / ... para 5inmg(02)
Mensaje Y / 00:00:00:010 / 5inmg(5,1)(34) / out /      0.00000 para 5inmg(02)
Mensaje D / 00:00:00:010 / 5inmg(5,1)(34) / ... para 5inmg(02)
Mensaje Y / 00:00:00:010 / 5inmg(3,0)(21) / out /      1.00000 para 5inmg(02)
Mensaje D / 00:00:00:010 / 5inmg(3,0)(21) / ... para 5inmg(02)
Mensaje Y / 00:00:00:010 / 5inmg(0,3)(06) / out /     -1.00000 para 5inmg(02)
Mensaje D / 00:00:00:010 / 5inmg(0,3)(06) / ... para 5inmg(02)
Mensaje Y / 00:00:00:010 / 5inmg(6,3)(42) / out /     -1.00000 para 5inmg(02)
Mensaje D / 00:00:00:010 / 5inmg(6,3)(42) / ... para 5inmg(02)
Mensaje X / 00:00:00:010 / 5inmg(02) / neighborchange /      0.00000 para 5inmg(0,1)(04)
Mensaje X / 00:00:00:010 / 5inmg(02) / neighborchange /      0.00000 para 5inmg(1,0)(09)
Mensaje X / 00:00:00:010 / 5inmg(02) / neighborchange /      0.00000 para 5inmg(1,1)(10)
Mensaje X / 00:00:00:010 / 5inmg(02) / neighborchange /      0.00000 para 5inmg(1,2)(11)
Mensaje X / 00:00:00:010 / 5inmg(02) / neighborchange /      0.00000 para 5inmg(2,1)(16)
Mensaje X / 00:00:00:010 / 5inmg(02) / neighborchange /      1.00000 para 5inmg(2,0)(15)
Mensaje X / 00:00:00:010 / 5inmg(02) / neighborchange /      1.00000 para 5inmg(2,2)(17)
Mensaje X / 00:00:00:010 / 5inmg(02) / neighborchange /      1.00000 para 5inmg(3,1)(22)
Mensaje X / 00:00:00:010 / 5inmg(02) / neighborchange /      1.00000 para 5inmg(4,0)(27)
Mensaje X / 00:00:00:010 / 5inmg(02) / neighborchange /      1.00000 para 5inmg(4,1)(28)
Mensaje X / 00:00:00:010 / 5inmg(02) / neighborchange /      1.00000 para 5inmg(4,2)(29)
Mensaje X / 00:00:00:010 / 5inmg(02) / neighborchange /      1.00000 para 5inmg(5,1)(34)
Mensaje X / 00:00:00:010 / 5inmg(02) / neighborchange /      0.00000 para 5inmg(5,0)(33)
Mensaje X / 00:00:00:010 / 5inmg(02) / neighborchange /      0.00000 para 5inmg(5,2)(35)
Mensaje X / 00:00:00:010 / 5inmg(02) / neighborchange /      0.00000 para 5inmg(6,1)(40)
Mensaje X / 00:00:00:010 / 5inmg(02) / neighborchange /      1.00000 para 5inmg(3,0)(21)
Mensaje X / 00:00:00:010 / 5inmg(02) / neighborchange /     -1.00000 para 5inmg(0,2)(05)
Mensaje X / 00:00:00:010 / 5inmg(02) / neighborchange /     -1.00000 para 5inmg(0,3)(06)
Mensaje X / 00:00:00:010 / 5inmg(02) / neighborchange /     -1.00000 para 5inmg(0,4)(07)
Mensaje X / 00:00:00:010 / 5inmg(02) / neighborchange /     -1.00000 para 5inmg(1,3)(12)
Mensaje X / 00:00:00:010 / 5inmg(02) / neighborchange /     -1.00000 para 5inmg(5,3)(36)
Mensaje X / 00:00:00:010 / 5inmg(02) / neighborchange /     -1.00000 para 5inmg(6,2)(41)
Mensaje X / 00:00:00:010 / 5inmg(02) / neighborchange /     -1.00000 para 5inmg(6,3)(42)
Mensaje X / 00:00:00:010 / 5inmg(02) / neighborchange /     -1.00000 para 5inmg(6,4)(43)
Mensaje D / 00:00:00:010 / 5inmg(0,1)(04) / ... para 5inmg(02)
Mensaje D / 00:00:00:010 / 5inmg(1,0)(09) / ... para 5inmg(02)
Mensaje D / 00:00:00:010 / 5inmg(1,1)(10) / ... para 5inmg(02)
Mensaje D / 00:00:00:010 / 5inmg(1,2)(11) / ... para 5inmg(02)
Mensaje D / 00:00:00:010 / 5inmg(2,1)(16) / 00:00:00:005 para 5inmg(02)
Mensaje D / 00:00:00:010 / 5inmg(2,0)(15) / ... para 5inmg(02)
Mensaje D / 00:00:00:010 / 5inmg(2,2)(17) / ... para 5inmg(02)
Mensaje D / 00:00:00:010 / 5inmg(3,1)(22) / 00:00:00:010 para 5inmg(02)
Mensaje D / 00:00:00:010 / 5inmg(4,0)(27) / ... para 5inmg(02)
Mensaje D / 00:00:00:010 / 5inmg(4,1)(28) / 00:00:00:005 para 5inmg(02)
Mensaje D / 00:00:00:010 / 5inmg(4,2)(29) / ... para 5inmg(02)
Mensaje D / 00:00:00:010 / 5inmg(5,1)(34) / ... para 5inmg(02)
Mensaje D / 00:00:00:010 / 5inmg(5,0)(33) / ... para 5inmg(02)
Mensaje D / 00:00:00:010 / 5inmg(5,2)(35) / ... para 5inmg(02)
Mensaje D / 00:00:00:010 / 5inmg(6,1)(40) / ... para 5inmg(02)
Mensaje D / 00:00:00:010 / 5inmg(3,0)(21) / 00:00:00:010 para 5inmg(02)
Mensaje D / 00:00:00:010 / 5inmg(0,2)(05) / ... para 5inmg(02)
Mensaje D / 00:00:00:010 / 5inmg(0,3)(06) / 00:00:00:010 para 5inmg(02)
Mensaje D / 00:00:00:010 / 5inmg(0,4)(07) / ... para 5inmg(02)
Mensaje D / 00:00:00:010 / 5inmg(1,3)(12) / 00:00:00:010 para 5inmg(02)
Mensaje D / 00:00:00:010 / 5inmg(5,3)(36) / 00:00:00:010 para 5inmg(02)
Mensaje D / 00:00:00:010 / 5inmg(6,2)(41) / ... para 5inmg(02)
Mensaje D / 00:00:00:010 / 5inmg(6,3)(42) / 00:00:00:010 para 5inmg(02)
Mensaje D / 00:00:00:010 / 5inmg(6,4)(43) / ... para 5inmg(02)
Mensaje D / 00:00:00:010 / 5inmg(02) / 00:00:00:005 para top(01)
Mensaje D / 00:00:00:010 / top(01) / 00:00:00:005 para Root(00)
Mensaje * / 00:00:00:015 / Root(00) para top(01)
Mensaje * / 00:00:00:015 / top(01) para 5inmg(02)
Mensaje * / 00:00:00:015 / 5inmg(02) para 5inmg(2,1)(16)
Mensaje * / 00:00:00:015 / 5inmg(02) para 5inmg(4,1)(28)
Mensaje Y / 00:00:00:015 / 5inmg(2,1)(16) / out /      0.00000 para 5inmg(02)
Mensaje D / 00:00:00:015 / 5inmg(2,1)(16) / ... para 5inmg(02)
Mensaje Y / 00:00:00:015 / 5inmg(4,1)(28) / out /      0.00000 para 5inmg(02)
Mensaje D / 00:00:00:015 / 5inmg(4,1)(28) / ... para 5inmg(02)
Mensaje X / 00:00:00:015 / 5inmg(02) / neighborchange /      0.00000 para 5inmg(1,1)(10)
Mensaje X / 00:00:00:015 / 5inmg(02) / neighborchange /      0.00000 para 5inmg(2,0)(15)
Mensaje X / 00:00:00:015 / 5inmg(02) / neighborchange /      0.00000 para 5inmg(2,1)(16)
Mensaje X / 00:00:00:015 / 5inmg(02) / neighborchange /      0.00000 para 5inmg(2,2)(17)
Mensaje X / 00:00:00:015 / 5inmg(02) / neighborchange /      0.00000 para 5inmg(3,1)(22)
Mensaje X / 00:00:00:015 / 5inmg(02) / neighborchange /      0.00000 para 5inmg(4,0)(27)
Mensaje X / 00:00:00:015 / 5inmg(02) / neighborchange /      0.00000 para 5inmg(4,1)(28)
Mensaje X / 00:00:00:015 / 5inmg(02) / neighborchange /      0.00000 para 5inmg(4,2)(29)
Mensaje X / 00:00:00:015 / 5inmg(02) / neighborchange /      0.00000 para 5inmg(5,1)(34)
Mensaje D / 00:00:00:015 / 5inmg(1,1)(10) / ... para 5inmg(02)
Mensaje D / 00:00:00:015 / 5inmg(2,0)(15) / ... para 5inmg(02)
Mensaje D / 00:00:00:015 / 5inmg(2,1)(16) / ... para 5inmg(02)
Mensaje D / 00:00:00:015 / 5inmg(2,2)(17) / ... para 5inmg(02)
Mensaje D / 00:00:00:015 / 5inmg(3,1)(22) / 00:00:00:005 para 5inmg(02)
Mensaje D / 00:00:00:015 / 5inmg(4,0)(27) / ... para 5inmg(02)
Mensaje D / 00:00:00:015 / 5inmg(4,1)(28) / ... para 5inmg(02)
Mensaje D / 00:00:00:015 / 5inmg(4,2)(29) / ... para 5inmg(02)
Mensaje D / 00:00:00:015 / 5inmg(5,1)(34) / ... para 5inmg(02)
Mensaje D / 00:00:00:015 / 5inmg(02) / 00:00:00:005 para top(01)
Mensaje D / 00:00:00:015 / top(01) / 00:00:00:005 para Root(00)
Mensaje * / 00:00:00:020 / Root(00) para top(01)
Mensaje * / 00:00:00:020 / top(01) para 5inmg(02)
Mensaje * / 00:00:00:020 / 5inmg(02) para 5inmg(6,3)(42)
Mensaje * / 00:00:00:020 / 5inmg(02) para 5inmg(5,3)(36)
Mensaje * / 00:00:00:020 / 5inmg(02) para 5inmg(3,1)(22)
Mensaje * / 00:00:00:020 / 5inmg(02) para 5inmg(3,0)(21)
Mensaje * / 00:00:00:020 / 5inmg(02) para 5inmg(1,3)(12)
Mensaje * / 00:00:00:020 / 5inmg(02) para 5inmg(0,3)(06)
Mensaje Y / 00:00:00:020 / 5inmg(6,3)(42) / out /      0.00000 para 5inmg(02)
Mensaje D / 00:00:00:020 / 5inmg(6,3)(42) / ... para 5inmg(02)
Mensaje Y / 00:00:00:020 / 5inmg(5,3)(36) / out /     -1.00000 para 5inmg(02)
Mensaje D / 00:00:00:020 / 5inmg(5,3)(36) / ... para 5inmg(02)
Mensaje Y / 00:00:00:020 / 5inmg(3,1)(22) / out /    111.00000 para 5inmg(02)
Mensaje D / 00:00:00:020 / 5inmg(3,1)(22) / ... para 5inmg(02)
Mensaje Y / 00:00:00:020 / 5inmg(3,0)(21) / out /      0.00000 para 5inmg(02)
Mensaje D / 00:00:00:020 / 5inmg(3,0)(21) / ... para 5inmg(02)
Mensaje Y / 00:00:00:020 / 5inmg(1,3)(12) / out /     -1.00000 para 5inmg(02)
Mensaje D / 00:00:00:020 / 5inmg(1,3)(12) / ... para 5inmg(02)
Mensaje Y / 00:00:00:020 / 5inmg(0,3)(06) / out /      0.00000 para 5inmg(02)
Mensaje D / 00:00:00:020 / 5inmg(0,3)(06) / ... para 5inmg(02)
Mensaje X / 00:00:00:020 / 5inmg(02) / neighborchange /      0.00000 para 5inmg(5,3)(36)
Mensaje X / 00:00:00:020 / 5inmg(02) / neighborchange /      0.00000 para 5inmg(6,2)(41)
Mensaje X / 00:00:00:020 / 5inmg(02) / neighborchange /      0.00000 para 5inmg(6,3)(42)
Mensaje X / 00:00:00:020 / 5inmg(02) / neighborchange /      0.00000 para 5inmg(6,4)(43)
Mensaje X / 00:00:00:020 / 5inmg(02) / neighborchange /     -1.00000 para 5inmg(4,3)(30)
Mensaje X / 00:00:00:020 / 5inmg(02) / neighborchange /     -1.00000 para 5inmg(5,2)(35)
Mensaje X / 00:00:00:020 / 5inmg(02) / neighborchange /     -1.00000 para 5inmg(5,4)(37)
Mensaje X / 00:00:00:020 / 5inmg(02) / neighborchange /    111.00000 para 5inmg(2,1)(16)
Mensaje X / 00:00:00:020 / 5inmg(02) / neighborchange /    111.00000 para 5inmg(3,0)(21)
Mensaje X / 00:00:00:020 / 5inmg(02) / neighborchange /    111.00000 para 5inmg(3,1)(22)
Mensaje X / 00:00:00:020 / 5inmg(02) / neighborchange /    111.00000 para 5inmg(3,2)(23)
Mensaje X / 00:00:00:020 / 5inmg(02) / neighborchange /    111.00000 para 5inmg(4,1)(28)
Mensaje X / 00:00:00:020 / 5inmg(02) / neighborchange /      0.00000 para 5inmg(2,0)(15)
Mensaje X / 00:00:00:020 / 5inmg(02) / neighborchange /      0.00000 para 5inmg(4,0)(27)
Mensaje X / 00:00:00:020 / 5inmg(02) / neighborchange /     -1.00000 para 5inmg(0,3)(06)
Mensaje X / 00:00:00:020 / 5inmg(02) / neighborchange /     -1.00000 para 5inmg(1,2)(11)
Mensaje X / 00:00:00:020 / 5inmg(02) / neighborchange /     -1.00000 para 5inmg(1,3)(12)
Mensaje X / 00:00:00:020 / 5inmg(02) / neighborchange /     -1.00000 para 5inmg(1,4)(13)
Mensaje X / 00:00:00:020 / 5inmg(02) / neighborchange /     -1.00000 para 5inmg(2,3)(18)
Mensaje X / 00:00:00:020 / 5inmg(02) / neighborchange /      0.00000 para 5inmg(0,2)(05)
Mensaje X / 00:00:00:020 / 5inmg(02) / neighborchange /      0.00000 para 5inmg(0,4)(07)
Mensaje D / 00:00:00:020 / 5inmg(5,3)(36) / 00:00:00:005 para 5inmg(02)
Mensaje D / 00:00:00:020 / 5inmg(6,2)(41) / ... para 5inmg(02)
Mensaje D / 00:00:00:020 / 5inmg(6,3)(42) / ... para 5inmg(02)
Mensaje D / 00:00:00:020 / 5inmg(6,4)(43) / ... para 5inmg(02)
Mensaje D / 00:00:00:020 / 5inmg(4,3)(30) / 00:00:00:010 para 5inmg(02)
Mensaje D / 00:00:00:020 / 5inmg(5,2)(35) / ... para 5inmg(02)
Mensaje D / 00:00:00:020 / 5inmg(5,4)(37) / ... para 5inmg(02)
Mensaje D / 00:00:00:020 / 5inmg(2,1)(16) / ... para 5inmg(02)
Mensaje D / 00:00:00:020 / 5inmg(3,0)(21) / ... para 5inmg(02)
Mensaje D / 00:00:00:020 / 5inmg(3,1)(22) / 00:00:00:010 para 5inmg(02)
Mensaje D / 00:00:00:020 / 5inmg(3,2)(23) / 00:00:00:010 para 5inmg(02)
Mensaje D / 00:00:00:020 / 5inmg(4,1)(28) / ... para 5inmg(02)
Mensaje D / 00:00:00:020 / 5inmg(2,0)(15) / ... para 5inmg(02)
Mensaje D / 00:00:00:020 / 5inmg(4,0)(27) / ... para 5inmg(02)
Mensaje D / 00:00:00:020 / 5inmg(0,3)(06) / ... para 5inmg(02)
Mensaje D / 00:00:00:020 / 5inmg(1,2)(11) / ... para 5inmg(02)
Mensaje D / 00:00:00:020 / 5inmg(1,3)(12) / 00:00:00:005 para 5inmg(02)
Mensaje D / 00:00:00:020 / 5inmg(1,4)(13) / ... para 5inmg(02)
Mensaje D / 00:00:00:020 / 5inmg(2,3)(18) / 00:00:00:010 para 5inmg(02)
Mensaje D / 00:00:00:020 / 5inmg(0,2)(05) / ... para 5inmg(02)
Mensaje D / 00:00:00:020 / 5inmg(0,4)(07) / ... para 5inmg(02)
Mensaje D / 00:00:00:020 / 5inmg(02) / 00:00:00:005 para top(01)
Mensaje D / 00:00:00:020 / top(01) / 00:00:00:005 para Root(00)
Mensaje * / 00:00:00:025 / Root(00) para top(01)
Mensaje * / 00:00:00:025 / top(01) para 5inmg(02)
Mensaje * / 00:00:00:025 / 5inmg(02) para 5inmg(5,3)(36)
Mensaje * / 00:00:00:025 / 5inmg(02) para 5inmg(1,3)(12)
Mensaje Y / 00:00:00:025 / 5inmg(5,3)(36) / out /      0.00000 para 5inmg(02)
Mensaje D / 00:00:00:025 / 5inmg(5,3)(36) / ... para 5inmg(02)
Mensaje Y / 00:00:00:025 / 5inmg(1,3)(12) / out /      0.00000 para 5inmg(02)
Mensaje D / 00:00:00:025 / 5inmg(1,3)(12) / ... para 5inmg(02)
Mensaje X / 00:00:00:025 / 5inmg(02) / neighborchange /      0.00000 para 5inmg(4,3)(30)
Mensaje X / 00:00:00:025 / 5inmg(02) / neighborchange /      0.00000 para 5inmg(5,2)(35)
Mensaje X / 00:00:00:025 / 5inmg(02) / neighborchange /      0.00000 para 5inmg(5,3)(36)
Mensaje X / 00:00:00:025 / 5inmg(02) / neighborchange /      0.00000 para 5inmg(5,4)(37)
Mensaje X / 00:00:00:025 / 5inmg(02) / neighborchange /      0.00000 para 5inmg(6,3)(42)
Mensaje X / 00:00:00:025 / 5inmg(02) / neighborchange /      0.00000 para 5inmg(0,3)(06)
Mensaje X / 00:00:00:025 / 5inmg(02) / neighborchange /      0.00000 para 5inmg(1,2)(11)
Mensaje X / 00:00:00:025 / 5inmg(02) / neighborchange /      0.00000 para 5inmg(1,3)(12)
Mensaje X / 00:00:00:025 / 5inmg(02) / neighborchange /      0.00000 para 5inmg(1,4)(13)
Mensaje X / 00:00:00:025 / 5inmg(02) / neighborchange /      0.00000 para 5inmg(2,3)(18)
Mensaje D / 00:00:00:025 / 5inmg(4,3)(30) / 00:00:00:005 para 5inmg(02)
Mensaje D / 00:00:00:025 / 5inmg(5,2)(35) / ... para 5inmg(02)
Mensaje D / 00:00:00:025 / 5inmg(5,3)(36) / ... para 5inmg(02)
Mensaje D / 00:00:00:025 / 5inmg(5,4)(37) / ... para 5inmg(02)
Mensaje D / 00:00:00:025 / 5inmg(6,3)(42) / ... para 5inmg(02)
Mensaje D / 00:00:00:025 / 5inmg(0,3)(06) / ... para 5inmg(02)
Mensaje D / 00:00:00:025 / 5inmg(1,2)(11) / ... para 5inmg(02)
Mensaje D / 00:00:00:025 / 5inmg(1,3)(12) / ... para 5inmg(02)
Mensaje D / 00:00:00:025 / 5inmg(1,4)(13) / ... para 5inmg(02)
Mensaje D / 00:00:00:025 / 5inmg(2,3)(18) / 00:00:00:005 para 5inmg(02)
Mensaje D / 00:00:00:025 / 5inmg(02) / 00:00:00:005 para top(01)
Mensaje D / 00:00:00:025 / top(01) / 00:00:00:005 para Root(00)
Mensaje * / 00:00:00:030 / Root(00) para top(01)
Mensaje * / 00:00:00:030 / top(01) para 5inmg(02)
Mensaje * / 00:00:00:030 / 5inmg(02) para 5inmg(3,2)(23)
Mensaje * / 00:00:00:030 / 5inmg(02) para 5inmg(3,1)(22)
Mensaje * / 00:00:00:030 / 5inmg(02) para 5inmg(4,3)(30)
Mensaje * / 00:00:00:030 / 5inmg(02) para 5inmg(2,3)(18)
Mensaje Y / 00:00:00:030 / 5inmg(3,2)(23) / out /    111.00000 para 5inmg(02)
Mensaje D / 00:00:00:030 / 5inmg(3,2)(23) / ... para 5inmg(02)
Mensaje Y / 00:00:00:030 / 5inmg(3,1)(22) / out /      0.00000 para 5inmg(02)
Mensaje D / 00:00:00:030 / 5inmg(3,1)(22) / ... para 5inmg(02)
Mensaje Y / 00:00:00:030 / 5inmg(4,3)(30) / out /     -1.00000 para 5inmg(02)
Mensaje D / 00:00:00:030 / 5inmg(4,3)(30) / ... para 5inmg(02)
Mensaje Y / 00:00:00:030 / 5inmg(2,3)(18) / out /     -1.00000 para 5inmg(02)
Mensaje D / 00:00:00:030 / 5inmg(2,3)(18) / ... para 5inmg(02)
Mensaje X / 00:00:00:030 / 5inmg(02) / neighborchange /    111.00000 para 5inmg(2,2)(17)
Mensaje X / 00:00:00:030 / 5inmg(02) / neighborchange /    111.00000 para 5inmg(3,1)(22)
Mensaje X / 00:00:00:030 / 5inmg(02) / neighborchange /    111.00000 para 5inmg(3,2)(23)
Mensaje X / 00:00:00:030 / 5inmg(02) / neighborchange /    111.00000 para 5inmg(3,3)(24)
Mensaje X / 00:00:00:030 / 5inmg(02) / neighborchange /    111.00000 para 5inmg(4,2)(29)
Mensaje X / 00:00:00:030 / 5inmg(02) / neighborchange /      0.00000 para 5inmg(2,1)(16)
Mensaje X / 00:00:00:030 / 5inmg(02) / neighborchange /      0.00000 para 5inmg(3,0)(21)
Mensaje X / 00:00:00:030 / 5inmg(02) / neighborchange /      0.00000 para 5inmg(4,1)(28)
Mensaje X / 00:00:00:030 / 5inmg(02) / neighborchange /     -1.00000 para 5inmg(4,3)(30)
Mensaje X / 00:00:00:030 / 5inmg(02) / neighborchange /     -1.00000 para 5inmg(4,4)(31)
Mensaje X / 00:00:00:030 / 5inmg(02) / neighborchange /     -1.00000 para 5inmg(5,3)(36)
Mensaje X / 00:00:00:030 / 5inmg(02) / neighborchange /     -1.00000 para 5inmg(1,3)(12)
Mensaje X / 00:00:00:030 / 5inmg(02) / neighborchange /     -1.00000 para 5inmg(2,3)(18)
Mensaje X / 00:00:00:030 / 5inmg(02) / neighborchange /     -1.00000 para 5inmg(2,4)(19)
Mensaje D / 00:00:00:030 / 5inmg(2,2)(17) / ... para 5inmg(02)
Mensaje D / 00:00:00:030 / 5inmg(3,1)(22) / ... para 5inmg(02)
Mensaje D / 00:00:00:030 / 5inmg(3,2)(23) / 00:00:00:005 para 5inmg(02)
Mensaje D / 00:00:00:030 / 5inmg(3,3)(24) / 00:00:00:010 para 5inmg(02)
Mensaje D / 00:00:00:030 / 5inmg(4,2)(29) / ... para 5inmg(02)
Mensaje D / 00:00:00:030 / 5inmg(2,1)(16) / ... para 5inmg(02)
Mensaje D / 00:00:00:030 / 5inmg(3,0)(21) / ... para 5inmg(02)
Mensaje D / 00:00:00:030 / 5inmg(4,1)(28) / ... para 5inmg(02)
Mensaje D / 00:00:00:030 / 5inmg(4,3)(30) / 00:00:00:005 para 5inmg(02)
Mensaje D / 00:00:00:030 / 5inmg(4,4)(31) / ... para 5inmg(02)
Mensaje D / 00:00:00:030 / 5inmg(5,3)(36) / ... para 5inmg(02)
Mensaje D / 00:00:00:030 / 5inmg(1,3)(12) / ... para 5inmg(02)
Mensaje D / 00:00:00:030 / 5inmg(2,3)(18) / 00:00:00:005 para 5inmg(02)
Mensaje D / 00:00:00:030 / 5inmg(2,4)(19) / ... para 5inmg(02)
Mensaje D / 00:00:00:030 / 5inmg(02) / 00:00:00:005 para top(01)
Mensaje D / 00:00:00:030 / top(01) / 00:00:00:005 para Root(00)
Mensaje * / 00:00:00:035 / Root(00) para top(01)
Mensaje * / 00:00:00:035 / top(01) para 5inmg(02)
Mensaje * / 00:00:00:035 / 5inmg(02) para 5inmg(3,2)(23)
Mensaje * / 00:00:00:035 / 5inmg(02) para 5inmg(4,3)(30)
Mensaje * / 00:00:00:035 / 5inmg(02) para 5inmg(2,3)(18)
Mensaje Y / 00:00:00:035 / 5inmg(3,2)(23) / out /      0.00000 para 5inmg(02)
Mensaje D / 00:00:00:035 / 5inmg(3,2)(23) / ... para 5inmg(02)
Mensaje Y / 00:00:00:035 / 5inmg(4,3)(30) / out /      0.00000 para 5inmg(02)
Mensaje D / 00:00:00:035 / 5inmg(4,3)(30) / ... para 5inmg(02)
Mensaje Y / 00:00:00:035 / 5inmg(2,3)(18) / out /      0.00000 para 5inmg(02)
Mensaje D / 00:00:00:035 / 5inmg(2,3)(18) / ... para 5inmg(02)
Mensaje X / 00:00:00:035 / 5inmg(02) / neighborchange /      0.00000 para 5inmg(2,2)(17)
Mensaje X / 00:00:00:035 / 5inmg(02) / neighborchange /      0.00000 para 5inmg(3,1)(22)
Mensaje X / 00:00:00:035 / 5inmg(02) / neighborchange /      0.00000 para 5inmg(3,2)(23)
Mensaje X / 00:00:00:035 / 5inmg(02) / neighborchange /      0.00000 para 5inmg(3,3)(24)
Mensaje X / 00:00:00:035 / 5inmg(02) / neighborchange /      0.00000 para 5inmg(4,2)(29)
Mensaje X / 00:00:00:035 / 5inmg(02) / neighborchange /      0.00000 para 5inmg(4,3)(30)
Mensaje X / 00:00:00:035 / 5inmg(02) / neighborchange /      0.00000 para 5inmg(4,4)(31)
Mensaje X / 00:00:00:035 / 5inmg(02) / neighborchange /      0.00000 para 5inmg(5,3)(36)
Mensaje X / 00:00:00:035 / 5inmg(02) / neighborchange /      0.00000 para 5inmg(1,3)(12)
Mensaje X / 00:00:00:035 / 5inmg(02) / neighborchange /      0.00000 para 5inmg(2,3)(18)
Mensaje X / 00:00:00:035 / 5inmg(02) / neighborchange /      0.00000 para 5inmg(2,4)(19)
Mensaje D / 00:00:00:035 / 5inmg(2,2)(17) / ... para 5inmg(02)
Mensaje D / 00:00:00:035 / 5inmg(3,1)(22) / ... para 5inmg(02)
Mensaje D / 00:00:00:035 / 5inmg(3,2)(23) / ... para 5inmg(02)
Mensaje D / 00:00:00:035 / 5inmg(3,3)(24) / 00:00:00:005 para 5inmg(02)
Mensaje D / 00:00:00:035 / 5inmg(4,2)(29) / ... para 5inmg(02)
Mensaje D / 00:00:00:035 / 5inmg(4,3)(30) / ... para 5inmg(02)
Mensaje D / 00:00:00:035 / 5inmg(4,4)(31) / ... para 5inmg(02)
Mensaje D / 00:00:00:035 / 5inmg(5,3)(36) / ... para 5inmg(02)
Mensaje D / 00:00:00:035 / 5inmg(1,3)(12) / ... para 5inmg(02)
Mensaje D / 00:00:00:035 / 5inmg(2,3)(18) / ... para 5inmg(02)
Mensaje D / 00:00:00:035 / 5inmg(2,4)(19) / ... para 5inmg(02)
Mensaje D / 00:00:00:035 / 5inmg(02) / 00:00:00:005 para top(01)
Mensaje D / 00:00:00:035 / top(01) / 00:00:00:005 para Root(00)
Mensaje * / 00:00:00:040 / Root(00) para top(01)
Mensaje * / 00:00:00:040 / top(01) para 5inmg(02)
Mensaje * / 00:00:00:040 / 5inmg(02) para 5inmg(3,3)(24)
Mensaje Y / 00:00:00:040 / 5inmg(3,3)(24) / out /      1.00000 para 5inmg(02)
Mensaje D / 00:00:00:040 / 5inmg(3,3)(24) / ... para 5inmg(02)
Mensaje X / 00:00:00:040 / 5inmg(02) / neighborchange /      1.00000 para 5inmg(2,3)(18)
Mensaje X / 00:00:00:040 / 5inmg(02) / neighborchange /      1.00000 para 5inmg(3,2)(23)
Mensaje X / 00:00:00:040 / 5inmg(02) / neighborchange /      1.00000 para 5inmg(3,3)(24)
Mensaje X / 00:00:00:040 / 5inmg(02) / neighborchange /      1.00000 para 5inmg(3,4)(25)
Mensaje X / 00:00:00:040 / 5inmg(02) / neighborchange /      1.00000 para 5inmg(4,3)(30)
Mensaje D / 00:00:00:040 / 5inmg(2,3)(18) / ... para 5inmg(02)
Mensaje D / 00:00:00:040 / 5inmg(3,2)(23) / ... para 5inmg(02)
Mensaje D / 00:00:00:040 / 5inmg(3,3)(24) / 00:00:00:010 para 5inmg(02)
Mensaje D / 00:00:00:040 / 5inmg(3,4)(25) / 00:00:00:010 para 5inmg(02)
Mensaje D / 00:00:00:040 / 5inmg(4,3)(30) / ... para 5inmg(02)
Mensaje D / 00:00:00:040 / 5inmg(02) / 00:00:00:010 para top(01)
Mensaje D / 00:00:00:040 / top(01) / 00:00:00:010 para Root(00)
Mensaje * / 00:00:00:050 / Root(00) para top(01)
Mensaje * / 00:00:00:050 / top(01) para 5inmg(02)
Mensaje * / 00:00:00:050 / 5inmg(02) para 5inmg(3,3)(24)
Mensaje * / 00:00:00:050 / 5inmg(02) para 5inmg(3,4)(25)
Mensaje Y / 00:00:00:050 / 5inmg(3,3)(24) / out /      0.00000 para 5inmg(02)
Mensaje D / 00:00:00:050 / 5inmg(3,3)(24) / ... para 5inmg(02)
Mensaje Y / 00:00:00:050 / 5inmg(3,4)(25) / out /      1.00000 para 5inmg(02)
Mensaje D / 00:00:00:050 / 5inmg(3,4)(25) / ... para 5inmg(02)
Mensaje X / 00:00:00:050 / 5inmg(02) / neighborchange /      0.00000 para 5inmg(2,3)(18)
Mensaje X / 00:00:00:050 / 5inmg(02) / neighborchange /      0.00000 para 5inmg(3,2)(23)
Mensaje X / 00:00:00:050 / 5inmg(02) / neighborchange /      0.00000 para 5inmg(3,3)(24)
Mensaje X / 00:00:00:050 / 5inmg(02) / neighborchange /      0.00000 para 5inmg(3,4)(25)
Mensaje X / 00:00:00:050 / 5inmg(02) / neighborchange /      0.00000 para 5inmg(4,3)(30)
Mensaje X / 00:00:00:050 / 5inmg(02) / neighborchange /      1.00000 para 5inmg(2,4)(19)
Mensaje X / 00:00:00:050 / 5inmg(02) / neighborchange /      1.00000 para 5inmg(3,5)(26)
Mensaje X / 00:00:00:050 / 5inmg(02) / neighborchange /      1.00000 para 5inmg(4,4)(31)
Mensaje D / 00:00:00:050 / 5inmg(2,3)(18) / ... para 5inmg(02)
Mensaje D / 00:00:00:050 / 5inmg(3,2)(23) / ... para 5inmg(02)
Mensaje D / 00:00:00:050 / 5inmg(3,3)(24) / ... para 5inmg(02)
Mensaje D / 00:00:00:050 / 5inmg(3,4)(25) / 00:00:00:005 para 5inmg(02)
Mensaje D / 00:00:00:050 / 5inmg(4,3)(30) / ... para 5inmg(02)
Mensaje D / 00:00:00:050 / 5inmg(2,4)(19) / ... para 5inmg(02)
Mensaje D / 00:00:00:050 / 5inmg(3,5)(26) / 00:00:00:010 para 5inmg(02)
Mensaje D / 00:00:00:050 / 5inmg(4,4)(31) / ... para 5inmg(02)
Mensaje D / 00:00:00:050 / 5inmg(02) / 00:00:00:005 para top(01)
Mensaje D / 00:00:00:050 / top(01) / 00:00:00:005 para Root(00)
Mensaje * / 00:00:00:055 / Root(00) para top(01)
Mensaje * / 00:00:00:055 / top(01) para 5inmg(02)
Mensaje * / 00:00:00:055 / 5inmg(02) para 5inmg(3,4)(25)
Mensaje Y / 00:00:00:055 / 5inmg(3,4)(25) / out /      0.00000 para 5inmg(02)
Mensaje D / 00:00:00:055 / 5inmg(3,4)(25) / ... para 5inmg(02)
Mensaje X / 00:00:00:055 / 5inmg(02) / neighborchange /      0.00000 para 5inmg(2,4)(19)
Mensaje X / 00:00:00:055 / 5inmg(02) / neighborchange /      0.00000 para 5inmg(3,3)(24)
Mensaje X / 00:00:00:055 / 5inmg(02) / neighborchange /      0.00000 para 5inmg(3,4)(25)
Mensaje X / 00:00:00:055 / 5inmg(02) / neighborchange /      0.00000 para 5inmg(3,5)(26)
Mensaje X / 00:00:00:055 / 5inmg(02) / neighborchange /      0.00000 para 5inmg(4,4)(31)
Mensaje D / 00:00:00:055 / 5inmg(2,4)(19) / ... para 5inmg(02)
Mensaje D / 00:00:00:055 / 5inmg(3,3)(24) / ... para 5inmg(02)
Mensaje D / 00:00:00:055 / 5inmg(3,4)(25) / ... para 5inmg(02)
Mensaje D / 00:00:00:055 / 5inmg(3,5)(26) / 00:00:00:005 para 5inmg(02)
Mensaje D / 00:00:00:055 / 5inmg(4,4)(31) / ... para 5inmg(02)
Mensaje D / 00:00:00:055 / 5inmg(02) / 00:00:00:005 para top(01)
Mensaje D / 00:00:00:055 / top(01) / 00:00:00:005 para Root(00)
Mensaje * / 00:00:00:060 / Root(00) para top(01)
Mensaje * / 00:00:00:060 / top(01) para 5inmg(02)
Mensaje * / 00:00:00:060 / 5inmg(02) para 5inmg(3,5)(26)
Mensaje Y / 00:00:00:060 / 5inmg(3,5)(26) / out /      1.00000 para 5inmg(02)
Mensaje D / 00:00:00:060 / 5inmg(3,5)(26) / ... para 5inmg(02)
Mensaje Y / 00:00:00:060 / 5inmg(02) / out /      1.00000 para top(01)
Mensaje X / 00:00:00:060 / 5inmg(02) / neighborchange /      1.00000 para 5inmg(2,5)(20)
Mensaje X / 00:00:00:060 / 5inmg(02) / neighborchange /      1.00000 para 5inmg(3,4)(25)
Mensaje X / 00:00:00:060 / 5inmg(02) / neighborchange /      1.00000 para 5inmg(3,5)(26)
Mensaje X / 00:00:00:060 / 5inmg(02) / neighborchange /      1.00000 para 5inmg(4,5)(32)
Mensaje Y / 00:00:00:060 / top(01) / out /      1.00000 para Root(00)
Mensaje D / 00:00:00:060 / 5inmg(2,5)(20) / ... para 5inmg(02)
Mensaje D / 00:00:00:060 / 5inmg(3,4)(25) / ... para 5inmg(02)
Mensaje D / 00:00:00:060 / 5inmg(3,5)(26) / 00:00:00:001 para 5inmg(02)
Mensaje D / 00:00:00:060 / 5inmg(4,5)(32) / ... para 5inmg(02)
Mensaje D / 00:00:00:060 / 5inmg(02) / 00:00:00:001 para top(01)
Mensaje D / 00:00:00:060 / top(01) / 00:00:00:001 para Root(00)
Mensaje * / 00:00:00:061 / Root(00) para top(01)
Mensaje * / 00:00:00:061 / top(01) para 5inmg(02)
Mensaje * / 00:00:00:061 / 5inmg(02) para 5inmg(3,5)(26)
Mensaje Y / 00:00:00:061 / 5inmg(3,5)(26) / out /      0.00000 para 5inmg(02)
Mensaje D / 00:00:00:061 / 5inmg(3,5)(26) / ... para 5inmg(02)
Mensaje Y / 00:00:00:061 / 5inmg(02) / out /      0.00000 para top(01)
Mensaje X / 00:00:00:061 / 5inmg(02) / neighborchange /      0.00000 para 5inmg(2,5)(20)
Mensaje X / 00:00:00:061 / 5inmg(02) / neighborchange /      0.00000 para 5inmg(3,4)(25)
Mensaje X / 00:00:00:061 / 5inmg(02) / neighborchange /      0.00000 para 5inmg(3,5)(26)
Mensaje X / 00:00:00:061 / 5inmg(02) / neighborchange /      0.00000 para 5inmg(4,5)(32)
Mensaje Y / 00:00:00:061 / top(01) / out /      0.00000 para Root(00)
Mensaje D / 00:00:00:061 / 5inmg(2,5)(20) / ... para 5inmg(02)
Mensaje D / 00:00:00:061 / 5inmg(3,4)(25) / ... para 5inmg(02)
Mensaje D / 00:00:00:061 / 5inmg(3,5)(26) / ... para 5inmg(02)
Mensaje D / 00:00:00:061 / 5inmg(4,5)(32) / ... para 5inmg(02)
Mensaje D / 00:00:00:061 / 5inmg(02) / ... para top(01)
Mensaje D / 00:00:00:061 / top(01) / ... para Root(00)
Mensaje X / 00:00:00:100 / Root(00) / in2 /      1.00000 para top(01)
Mensaje X / 00:00:00:100 / top(01) / in2 /      1.00000 para 5inmg(02)
Mensaje X / 00:00:00:100 / 5inmg(02) / in /      1.00000 para 5inmg(1,1)(10)
Mensaje D / 00:00:00:100 / 5inmg(1,1)(10) / 00:00:00:000 para 5inmg(02)
Mensaje D / 00:00:00:100 / 5inmg(02) / 00:00:00:000 para top(01)
Mensaje D / 00:00:00:100 / top(01) / 00:00:00:000 para Root(00)
Mensaje X / 00:00:00:100 / Root(00) / in3 /      1.00000 para top(01)
Mensaje X / 00:00:00:100 / top(01) / in3 /      1.00000 para 5inmg(02)
Mensaje X / 00:00:00:100 / 5inmg(02) / in /      1.00000 para 5inmg(5,1)(34)
Mensaje D / 00:00:00:100 / 5inmg(5,1)(34) / 00:00:00:000 para 5inmg(02)
Mensaje D / 00:00:00:100 / 5inmg(02) / 00:00:00:000 para top(01)
Mensaje D / 00:00:00:100 / top(01) / 00:00:00:000 para Root(00)
Mensaje * / 00:00:00:100 / Root(00) para top(01)
Mensaje * / 00:00:00:100 / top(01) para 5inmg(02)
Mensaje * / 00:00:00:100 / 5inmg(02) para 5inmg(1,1)(10)
Mensaje * / 00:00:00:100 / 5inmg(02) para 5inmg(5,1)(34)
Mensaje Y / 00:00:00:100 / 5inmg(1,1)(10) / out /      1.00000 para 5inmg(02)
Mensaje D / 00:00:00:100 / 5inmg(1,1)(10) / ... para 5inmg(02)
Mensaje Y / 00:00:00:100 / 5inmg(5,1)(34) / out /      1.00000 para 5inmg(02)
Mensaje D / 00:00:00:100 / 5inmg(5,1)(34) / ... para 5inmg(02)
Mensaje X / 00:00:00:100 / 5inmg(02) / neighborchange /      1.00000 para 5inmg(0,1)(04)
Mensaje X / 00:00:00:100 / 5inmg(02) / neighborchange /      1.00000 para 5inmg(1,0)(09)
Mensaje X / 00:00:00:100 / 5inmg(02) / neighborchange /      1.00000 para 5inmg(1,1)(10)
Mensaje X / 00:00:00:100 / 5inmg(02) / neighborchange /      1.00000 para 5inmg(1,2)(11)
Mensaje X / 00:00:00:100 / 5inmg(02) / neighborchange /      1.00000 para 5inmg(2,1)(16)
Mensaje X / 00:00:00:100 / 5inmg(02) / neighborchange /      1.00000 para 5inmg(4,1)(28)
Mensaje X / 00:00:00:100 / 5inmg(02) / neighborchange /      1.00000 para 5inmg(5,0)(33)
Mensaje X / 00:00:00:100 / 5inmg(02) / neighborchange /      1.00000 para 5inmg(5,1)(34)
Mensaje X / 00:00:00:100 / 5inmg(02) / neighborchange /      1.00000 para 5inmg(5,2)(35)
Mensaje X / 00:00:00:100 / 5inmg(02) / neighborchange /      1.00000 para 5inmg(6,1)(40)
Mensaje D / 00:00:00:100 / 5inmg(0,1)(04) / ... para 5inmg(02)
Mensaje D / 00:00:00:100 / 5inmg(1,0)(09) / ... para 5inmg(02)
Mensaje D / 00:00:00:100 / 5inmg(1,1)(10) / 00:00:00:010 para 5inmg(02)
Mensaje D / 00:00:00:100 / 5inmg(1,2)(11) / ... para 5inmg(02)
Mensaje D / 00:00:00:100 / 5inmg(2,1)(16) / 00:00:00:010 para 5inmg(02)
Mensaje D / 00:00:00:100 / 5inmg(4,1)(28) / 00:00:00:010 para 5inmg(02)
Mensaje D / 00:00:00:100 / 5inmg(5,0)(33) / ... para 5inmg(02)
Mensaje D / 00:00:00:100 / 5inmg(5,1)(34) / 00:00:00:010 para 5inmg(02)
Mensaje D / 00:00:00:100 / 5inmg(5,2)(35) / ... para 5inmg(02)
Mensaje D / 00:00:00:100 / 5inmg(6,1)(40) / ... para 5inmg(02)
Mensaje D / 00:00:00:100 / 5inmg(02) / 00:00:00:010 para top(01)
Mensaje D / 00:00:00:100 / top(01) / 00:00:00:010 para Root(00)
Mensaje X / 00:00:00:110 / Root(00) / in1 /      1.00000 para top(01)
Mensaje X / 00:00:00:110 / top(01) / in1 /      1.00000 para 5inmg(02)
Mensaje X / 00:00:00:110 / 5inmg(02) / in /      1.00000 para 5inmg(3,0)(21)
Mensaje D / 00:00:00:110 / 5inmg(3,0)(21) / 00:00:00:000 para 5inmg(02)
Mensaje D / 00:00:00:110 / 5inmg(02) / 00:00:00:000 para top(01)
Mensaje D / 00:00:00:110 / top(01) / 00:00:00:000 para Root(00)
Mensaje X / 00:00:00:110 / Root(00) / in4 /      1.00000 para top(01)
Mensaje X / 00:00:00:110 / top(01) / in4 /      1.00000 para 5inmg(02)
Mensaje X / 00:00:00:110 / 5inmg(02) / in /      1.00000 para 5inmg(0,3)(06)
Mensaje D / 00:00:00:110 / 5inmg(0,3)(06) / 00:00:00:000 para 5inmg(02)
Mensaje D / 00:00:00:110 / 5inmg(02) / 00:00:00:000 para top(01)
Mensaje D / 00:00:00:110 / top(01) / 00:00:00:000 para Root(00)
Mensaje X / 00:00:00:110 / Root(00) / in5 /      1.00000 para top(01)
Mensaje X / 00:00:00:110 / top(01) / in5 /      1.00000 para 5inmg(02)
Mensaje X / 00:00:00:110 / 5inmg(02) / in /      1.00000 para 5inmg(6,3)(42)
Mensaje D / 00:00:00:110 / 5inmg(6,3)(42) / 00:00:00:000 para 5inmg(02)
Mensaje D / 00:00:00:110 / 5inmg(02) / 00:00:00:000 para top(01)
Mensaje D / 00:00:00:110 / top(01) / 00:00:00:000 para Root(00)
Mensaje * / 00:00:00:110 / Root(00) para top(01)
Mensaje * / 00:00:00:110 / top(01) para 5inmg(02)
Mensaje * / 00:00:00:110 / 5inmg(02) para 5inmg(1,1)(10)
Mensaje * / 00:00:00:110 / 5inmg(02) para 5inmg(2,1)(16)
Mensaje * / 00:00:00:110 / 5inmg(02) para 5inmg(4,1)(28)
Mensaje * / 00:00:00:110 / 5inmg(02) para 5inmg(5,1)(34)
Mensaje * / 00:00:00:110 / 5inmg(02) para 5inmg(3,0)(21)
Mensaje * / 00:00:00:110 / 5inmg(02) para 5inmg(0,3)(06)
Mensaje * / 00:00:00:110 / 5inmg(02) para 5inmg(6,3)(42)
Mensaje Y / 00:00:00:110 / 5inmg(1,1)(10) / out /      0.00000 para 5inmg(02)
Mensaje D / 00:00:00:110 / 5inmg(1,1)(10) / ... para 5inmg(02)
Mensaje Y / 00:00:00:110 / 5inmg(2,1)(16) / out /      1.00000 para 5inmg(02)
Mensaje D / 00:00:00:110 / 5inmg(2,1)(16) / ... para 5inmg(02)
Mensaje Y / 00:00:00:110 / 5inmg(4,1)(28) / out /      1.00000 para 5inmg(02)
Mensaje D / 00:00:00:110 / 5inmg(4,1)(28) / ... para 5inmg(02)
Mensaje Y / 00:00:00:110 / 5inmg(5,1)(34) / out /      0.00000 para 5inmg(02)
Mensaje D / 00:00:00:110 / 5inmg(5,1)(34) / ... para 5inmg(02)
Mensaje Y / 00:00:00:110 / 5inmg(3,0)(21) / out /      1.00000 para 5inmg(02)
Mensaje D / 00:00:00:110 / 5inmg(3,0)(21) / ... para 5inmg(02)
Mensaje Y / 00:00:00:110 / 5inmg(0,3)(06) / out /      1.00000 para 5inmg(02)
Mensaje D / 00:00:00:110 / 5inmg(0,3)(06) / ... para 5inmg(02)
Mensaje Y / 00:00:00:110 / 5inmg(6,3)(42) / out /      1.00000 para 5inmg(02)
Mensaje D / 00:00:00:110 / 5inmg(6,3)(42) / ... para 5inmg(02)
Mensaje X / 00:00:00:110 / 5inmg(02) / neighborchange /      0.00000 para 5inmg(0,1)(04)
Mensaje X / 00:00:00:110 / 5inmg(02) / neighborchange /      0.00000 para 5inmg(1,0)(09)
Mensaje X / 00:00:00:110 / 5inmg(02) / neighborchange /      0.00000 para 5inmg(1,1)(10)
Mensaje X / 00:00:00:110 / 5inmg(02) / neighborchange /      0.00000 para 5inmg(1,2)(11)
Mensaje X / 00:00:00:110 / 5inmg(02) / neighborchange /      0.00000 para 5inmg(2,1)(16)
Mensaje X / 00:00:00:110 / 5inmg(02) / neighborchange /      1.00000 para 5inmg(2,0)(15)
Mensaje X / 00:00:00:110 / 5inmg(02) / neighborchange /      1.00000 para 5inmg(2,2)(17)
Mensaje X / 00:00:00:110 / 5inmg(02) / neighborchange /      1.00000 para 5inmg(3,1)(22)
Mensaje X / 00:00:00:110 / 5inmg(02) / neighborchange /      1.00000 para 5inmg(4,0)(27)
Mensaje X / 00:00:00:110 / 5inmg(02) / neighborchange /      1.00000 para 5inmg(4,1)(28)
Mensaje X / 00:00:00:110 / 5inmg(02) / neighborchange /      1.00000 para 5inmg(4,2)(29)
Mensaje X / 00:00:00:110 / 5inmg(02) / neighborchange /      1.00000 para 5inmg(5,1)(34)
Mensaje X / 00:00:00:110 / 5inmg(02) / neighborchange /      0.00000 para 5inmg(5,0)(33)
Mensaje X / 00:00:00:110 / 5inmg(02) / neighborchange /      0.00000 para 5inmg(5,2)(35)
Mensaje X / 00:00:00:110 / 5inmg(02) / neighborchange /      0.00000 para 5inmg(6,1)(40)
Mensaje X / 00:00:00:110 / 5inmg(02) / neighborchange /      1.00000 para 5inmg(3,0)(21)
Mensaje X / 00:00:00:110 / 5inmg(02) / neighborchange /      1.00000 para 5inmg(0,2)(05)
Mensaje X / 00:00:00:110 / 5inmg(02) / neighborchange /      1.00000 para 5inmg(0,3)(06)
Mensaje X / 00:00:00:110 / 5inmg(02) / neighborchange /      1.00000 para 5inmg(0,4)(07)
Mensaje X / 00:00:00:110 / 5inmg(02) / neighborchange /      1.00000 para 5inmg(1,3)(12)
Mensaje X / 00:00:00:110 / 5inmg(02) / neighborchange /      1.00000 para 5inmg(5,3)(36)
Mensaje X / 00:00:00:110 / 5inmg(02) / neighborchange /      1.00000 para 5inmg(6,2)(41)
Mensaje X / 00:00:00:110 / 5inmg(02) / neighborchange /      1.00000 para 5inmg(6,3)(42)
Mensaje X / 00:00:00:110 / 5inmg(02) / neighborchange /      1.00000 para 5inmg(6,4)(43)
Mensaje D / 00:00:00:110 / 5inmg(0,1)(04) / ... para 5inmg(02)
Mensaje D / 00:00:00:110 / 5inmg(1,0)(09) / ... para 5inmg(02)
Mensaje D / 00:00:00:110 / 5inmg(1,1)(10) / ... para 5inmg(02)
Mensaje D / 00:00:00:110 / 5inmg(1,2)(11) / ... para 5inmg(02)
Mensaje D / 00:00:00:110 / 5inmg(2,1)(16) / 00:00:00:005 para 5inmg(02)
Mensaje D / 00:00:00:110 / 5inmg(2,0)(15) / ... para 5inmg(02)
Mensaje D / 00:00:00:110 / 5inmg(2,2)(17) / ... para 5inmg(02)
Mensaje D / 00:00:00:110 / 5inmg(3,1)(22) / 00:00:00:010 para 5inmg(02)
Mensaje D / 00:00:00:110 / 5inmg(4,0)(27) / ... para 5inmg(02)
Mensaje D / 00:00:00:110 / 5inmg(4,1)(28) / 00:00:00:005 para 5inmg(02)
Mensaje D / 00:00:00:110 / 5inmg(4,2)(29) / ... para 5inmg(02)
Mensaje D / 00:00:00:110 / 5inmg(5,1)(34) / ... para 5inmg(02)
Mensaje D / 00:00:00:110 / 5inmg(5,0)(33) / ... para 5inmg(02)
Mensaje D / 00:00:00:110 / 5inmg(5,2)(35) / ... para 5inmg(02)
Mensaje D / 00:00:00:110 / 5inmg(6,1)(40) / ... para 5inmg(02)
Mensaje D / 00:00:00:110 / 5inmg(3,0)(21) / 00:00:00:010 para 5inmg(02)
Mensaje D / 00:00:00:110 / 5inmg(0,2)(05) / ... para 5inmg(02)
Mensaje D / 00:00:00:110 / 5inmg(0,3)(06) / 00:00:00:010 para 5inmg(02)
Mensaje D / 00:00:00:110 / 5inmg(0,4)(07) / ... para 5inmg(02)
Mensaje D / 00:00:00:110 / 5inmg(1,3)(12) / 00:00:00:010 para 5inmg(02)
Mensaje D / 00:00:00:110 / 5inmg(5,3)(36) / 00:00:00:010 para 5inmg(02)
Mensaje D / 00:00:00:110 / 5inmg(6,2)(41) / ... para 5inmg(02)
Mensaje D / 00:00:00:110 / 5inmg(6,3)(42) / 00:00:00:010 para 5inmg(02)
Mensaje D / 00:00:00:110 / 5inmg(6,4)(43) / ... para 5inmg(02)
Mensaje D / 00:00:00:110 / 5inmg(02) / 00:00:00:005 para top(01)
Mensaje D / 00:00:00:110 / top(01) / 00:00:00:005 para Root(00)
Mensaje * / 00:00:00:115 / Root(00) para top(01)
Mensaje * / 00:00:00:115 / top(01) para 5inmg(02)
Mensaje * / 00:00:00:115 / 5inmg(02) para 5inmg(2,1)(16)
Mensaje * / 00:00:00:115 / 5inmg(02) para 5inmg(4,1)(28)
Mensaje Y / 00:00:00:115 / 5inmg(2,1)(16) / out /      0.00000 para 5inmg(02)
Mensaje D / 00:00:00:115 / 5inmg(2,1)(16) / ... para 5inmg(02)
Mensaje Y / 00:00:00:115 / 5inmg(4,1)(28) / out /      0.00000 para 5inmg(02)
Mensaje D / 00:00:00:115 / 5inmg(4,1)(28) / ... para 5inmg(02)
Mensaje X / 00:00:00:115 / 5inmg(02) / neighborchange /      0.00000 para 5inmg(1,1)(10)
Mensaje X / 00:00:00:115 / 5inmg(02) / neighborchange /      0.00000 para 5inmg(2,0)(15)
Mensaje X / 00:00:00:115 / 5inmg(02) / neighborchange /      0.00000 para 5inmg(2,1)(16)
Mensaje X / 00:00:00:115 / 5inmg(02) / neighborchange /      0.00000 para 5inmg(2,2)(17)
Mensaje X / 00:00:00:115 / 5inmg(02) / neighborchange /      0.00000 para 5inmg(3,1)(22)
Mensaje X / 00:00:00:115 / 5inmg(02) / neighborchange /      0.00000 para 5inmg(4,0)(27)
Mensaje X / 00:00:00:115 / 5inmg(02) / neighborchange /      0.00000 para 5inmg(4,1)(28)
Mensaje X / 00:00:00:115 / 5inmg(02) / neighborchange /      0.00000 para 5inmg(4,2)(29)
Mensaje X / 00:00:00:115 / 5inmg(02) / neighborchange /      0.00000 para 5inmg(5,1)(34)
Mensaje D / 00:00:00:115 / 5inmg(1,1)(10) / ... para 5inmg(02)
Mensaje D / 00:00:00:115 / 5inmg(2,0)(15) / ... para 5inmg(02)
Mensaje D / 00:00:00:115 / 5inmg(2,1)(16) / ... para 5inmg(02)
Mensaje D / 00:00:00:115 / 5inmg(2,2)(17) / ... para 5inmg(02)
Mensaje D / 00:00:00:115 / 5inmg(3,1)(22) / 00:00:00:005 para 5inmg(02)
Mensaje D / 00:00:00:115 / 5inmg(4,0)(27) / ... para 5inmg(02)
Mensaje D / 00:00:00:115 / 5inmg(4,1)(28) / ... para 5inmg(02)
Mensaje D / 00:00:00:115 / 5inmg(4,2)(29) / ... para 5inmg(02)
Mensaje D / 00:00:00:115 / 5inmg(5,1)(34) / ... para 5inmg(02)
Mensaje D / 00:00:00:115 / 5inmg(02) / 00:00:00:005 para top(01)
Mensaje D / 00:00:00:115 / top(01) / 00:00:00:005 para Root(00)
Mensaje * / 00:00:00:120 / Root(00) para top(01)
Mensaje * / 00:00:00:120 / top(01) para 5inmg(02)
Mensaje * / 00:00:00:120 / 5inmg(02) para 5inmg(6,3)(42)
Mensaje * / 00:00:00:120 / 5inmg(02) para 5inmg(5,3)(36)
Mensaje * / 00:00:00:120 / 5inmg(02) para 5inmg(3,1)(22)
Mensaje * / 00:00:00:120 / 5inmg(02) para 5inmg(3,0)(21)
Mensaje * / 00:00:00:120 / 5inmg(02) para 5inmg(1,3)(12)
Mensaje * / 00:00:00:120 / 5inmg(02) para 5inmg(0,3)(06)
Mensaje Y / 00:00:00:120 / 5inmg(6,3)(42) / out /      0.00000 para 5inmg(02)
Mensaje D / 00:00:00:120 / 5inmg(6,3)(42) / ... para 5inmg(02)
Mensaje Y / 00:00:00:120 / 5inmg(5,3)(36) / out /      1.00000 para 5inmg(02)
Mensaje D / 00:00:00:120 / 5inmg(5,3)(36) / ... para 5inmg(02)
Mensaje Y / 00:00:00:120 / 5inmg(3,1)(22) / out /    111.00000 para 5inmg(02)
Mensaje D / 00:00:00:120 / 5inmg(3,1)(22) / ... para 5inmg(02)
Mensaje Y / 00:00:00:120 / 5inmg(3,0)(21) / out /      0.00000 para 5inmg(02)
Mensaje D / 00:00:00:120 / 5inmg(3,0)(21) / ... para 5inmg(02)
Mensaje Y / 00:00:00:120 / 5inmg(1,3)(12) / out /      1.00000 para 5inmg(02)
Mensaje D / 00:00:00:120 / 5inmg(1,3)(12) / ... para 5inmg(02)
Mensaje Y / 00:00:00:120 / 5inmg(0,3)(06) / out /      0.00000 para 5inmg(02)
Mensaje D / 00:00:00:120 / 5inmg(0,3)(06) / ... para 5inmg(02)
Mensaje X / 00:00:00:120 / 5inmg(02) / neighborchange /      0.00000 para 5inmg(5,3)(36)
Mensaje X / 00:00:00:120 / 5inmg(02) / neighborchange /      0.00000 para 5inmg(6,2)(41)
Mensaje X / 00:00:00:120 / 5inmg(02) / neighborchange /      0.00000 para 5inmg(6,3)(42)
Mensaje X / 00:00:00:120 / 5inmg(02) / neighborchange /      0.00000 para 5inmg(6,4)(43)
Mensaje X / 00:00:00:120 / 5inmg(02) / neighborchange /      1.00000 para 5inmg(4,3)(30)
Mensaje X / 00:00:00:120 / 5inmg(02) / neighborchange /      1.00000 para 5inmg(5,2)(35)
Mensaje X / 00:00:00:120 / 5inmg(02) / neighborchange /      1.00000 para 5inmg(5,4)(37)
Mensaje X / 00:00:00:120 / 5inmg(02) / neighborchange /    111.00000 para 5inmg(2,1)(16)
Mensaje X / 00:00:00:120 / 5inmg(02) / neighborchange /    111.00000 para 5inmg(3,0)(21)
Mensaje X / 00:00:00:120 / 5inmg(02) / neighborchange /    111.00000 para 5inmg(3,1)(22)
Mensaje X / 00:00:00:120 / 5inmg(02) / neighborchange /    111.00000 para 5inmg(3,2)(23)
Mensaje X / 00:00:00:120 / 5inmg(02) / neighborchange /    111.00000 para 5inmg(4,1)(28)
Mensaje X / 00:00:00:120 / 5inmg(02) / neighborchange /      0.00000 para 5inmg(2,0)(15)
Mensaje X / 00:00:00:120 / 5inmg(02) / neighborchange /      0.00000 para 5inmg(4,0)(27)
Mensaje X / 00:00:00:120 / 5inmg(02) / neighborchange /      1.00000 para 5inmg(0,3)(06)
Mensaje X / 00:00:00:120 / 5inmg(02) / neighborchange /      1.00000 para 5inmg(1,2)(11)
Mensaje X / 00:00:00:120 / 5inmg(02) / neighborchange /      1.00000 para 5inmg(1,3)(12)
Mensaje X / 00:00:00:120 / 5inmg(02) / neighborchange /      1.00000 para 5inmg(1,4)(13)
Mensaje X / 00:00:00:120 / 5inmg(02) / neighborchange /      1.00000 para 5inmg(2,3)(18)
Mensaje X / 00:00:00:120 / 5inmg(02) / neighborchange /      0.00000 para 5inmg(0,2)(05)
Mensaje X / 00:00:00:120 / 5inmg(02) / neighborchange /      0.00000 para 5inmg(0,4)(07)
Mensaje D / 00:00:00:120 / 5inmg(5,3)(36) / 00:00:00:005 para 5inmg(02)
Mensaje D / 00:00:00:120 / 5inmg(6,2)(41) / ... para 5inmg(02)
Mensaje D / 00:00:00:120 / 5inmg(6,3)(42) / ... para 5inmg(02)
Mensaje D / 00:00:00:120 / 5inmg(6,4)(43) / ... para 5inmg(02)
Mensaje D / 00:00:00:120 / 5inmg(4,3)(30) / 00:00:00:010 para 5inmg(02)
Mensaje D / 00:00:00:120 / 5inmg(5,2)(35) / ... para 5inmg(02)
Mensaje D / 00:00:00:120 / 5inmg(5,4)(37) / ... para 5inmg(02)
Mensaje D / 00:00:00:120 / 5inmg(2,1)(16) / ... para 5inmg(02)
Mensaje D / 00:00:00:120 / 5inmg(3,0)(21) / ... para 5inmg(02)
Mensaje D / 00:00:00:120 / 5inmg(3,1)(22) / 00:00:00:010 para 5inmg(02)
Mensaje D / 00:00:00:120 / 5inmg(3,2)(23) / 00:00:00:010 para 5inmg(02)
Mensaje D / 00:00:00:120 / 5inmg(4,1)(28) / ... para 5inmg(02)
Mensaje D / 00:00:00:120 / 5inmg(2,0)(15) / ... para 5inmg(02)
Mensaje D / 00:00:00:120 / 5inmg(4,0)(27) / ... para 5inmg(02)
Mensaje D / 00:00:00:120 / 5inmg(0,3)(06) / ... para 5inmg(02)
Mensaje D / 00:00:00:120 / 5inmg(1,2)(11) / ... para 5inmg(02)
Mensaje D / 00:00:00:120 / 5inmg(1,3)(12) / 00:00:00:005 para 5inmg(02)
Mensaje D / 00:00:00:120 / 5inmg(1,4)(13) / ... para 5inmg(02)
Mensaje D / 00:00:00:120 / 5inmg(2,3)(18) / 00:00:00:010 para 5inmg(02)
Mensaje D / 00:00:00:120 / 5inmg(0,2)(05) / ... para 5inmg(02)
Mensaje D / 00:00:00:120 / 5inmg(0,4)(07) / ... para 5inmg(02)
Mensaje D / 00:00:00:120 / 5inmg(02) / 00:00:00:005 para top(01)
Mensaje D / 00:00:00:120 / top(01) / 00:00:00:005 para Root(00)
Mensaje * / 00:00:00:125 / Root(00) para top(01)
Mensaje * / 00:00:00:125 / top(01) para 5inmg(02)
Mensaje * / 00:00:00:125 / 5inmg(02) para 5inmg(5,3)(36)
Mensaje * / 00:00:00:125 / 5inmg(02) para 5inmg(1,3)(12)
Mensaje Y / 00:00:00:125 / 5inmg(5,3)(36) / out /      0.00000 para 5inmg(02)
Mensaje D / 00:00:00:125 / 5inmg(5,3)(36) / ... para 5inmg(02)
Mensaje Y / 00:00:00:125 / 5inmg(1,3)(12) / out /      0.00000 para 5inmg(02)
Mensaje D / 00:00:00:125 / 5inmg(1,3)(12) / ... para 5inmg(02)
Mensaje X / 00:00:00:125 / 5inmg(02) / neighborchange /      0.00000 para 5inmg(4,3)(30)
Mensaje X / 00:00:00:125 / 5inmg(02) / neighborchange /      0.00000 para 5inmg(5,2)(35)
Mensaje X / 00:00:00:125 / 5inmg(02) / neighborchange /      0.00000 para 5inmg(5,3)(36)
Mensaje X / 00:00:00:125 / 5inmg(02) / neighborchange /      0.00000 para 5inmg(5,4)(37)
Mensaje X / 00:00:00:125 / 5inmg(02) / neighborchange /      0.00000 para 5inmg(6,3)(42)
Mensaje X / 00:00:00:125 / 5inmg(02) / neighborchange /      0.00000 para 5inmg(0,3)(06)
Mensaje X / 00:00:00:125 / 5inmg(02) / neighborchange /      0.00000 para 5inmg(1,2)(11)
Mensaje X / 00:00:00:125 / 5inmg(02) / neighborchange /      0.00000 para 5inmg(1,3)(12)
Mensaje X / 00:00:00:125 / 5inmg(02) / neighborchange /      0.00000 para 5inmg(1,4)(13)
Mensaje X / 00:00:00:125 / 5inmg(02) / neighborchange /      0.00000 para 5inmg(2,3)(18)
Mensaje D / 00:00:00:125 / 5inmg(4,3)(30) / 00:00:00:005 para 5inmg(02)
Mensaje D / 00:00:00:125 / 5inmg(5,2)(35) / ... para 5inmg(02)
Mensaje D / 00:00:00:125 / 5inmg(5,3)(36) / ... para 5inmg(02)
Mensaje D / 00:00:00:125 / 5inmg(5,4)(37) / ... para 5inmg(02)
Mensaje D / 00:00:00:125 / 5inmg(6,3)(42) / ... para 5inmg(02)
Mensaje D / 00:00:00:125 / 5inmg(0,3)(06) / ... para 5inmg(02)
Mensaje D / 00:00:00:125 / 5inmg(1,2)(11) / ... para 5inmg(02)
Mensaje D / 00:00:00:125 / 5inmg(1,3)(12) / ... para 5inmg(02)
Mensaje D / 00:00:00:125 / 5inmg(1,4)(13) / ... para 5inmg(02)
Mensaje D / 00:00:00:125 / 5inmg(2,3)(18) / 00:00:00:005 para 5inmg(02)
Mensaje D / 00:00:00:125 / 5inmg(02) / 00:00:00:005 para top(01)
Mensaje D / 00:00:00:125 / top(01) / 00:00:00:005 para Root(00)
Mensaje * / 00:00:00:130 / Root(00) para top(01)
Mensaje * / 00:00:00:130 / top(01) para 5inmg(02)
Mensaje * / 00:00:00:130 / 5inmg(02) para 5inmg(3,2)(23)
Mensaje * / 00:00:00:130 / 5inmg(02) para 5inmg(3,1)(22)
Mensaje * / 00:00:00:130 / 5inmg(02) para 5inmg(4,3)(30)
Mensaje * / 00:00:00:130 / 5inmg(02) para 5inmg(2,3)(18)
Mensaje Y / 00:00:00:130 / 5inmg(3,2)(23) / out /    111.00000 para 5inmg(02)
Mensaje D / 00:00:00:130 / 5inmg(3,2)(23) / ... para 5inmg(02)
Mensaje Y / 00:00:00:130 / 5inmg(3,1)(22) / out /      0.00000 para 5inmg(02)
Mensaje D / 00:00:00:130 / 5inmg(3,1)(22) / ... para 5inmg(02)
Mensaje Y / 00:00:00:130 / 5inmg(4,3)(30) / out /      1.00000 para 5inmg(02)
Mensaje D / 00:00:00:130 / 5inmg(4,3)(30) / ... para 5inmg(02)
Mensaje Y / 00:00:00:130 / 5inmg(2,3)(18) / out /      1.00000 para 5inmg(02)
Mensaje D / 00:00:00:130 / 5inmg(2,3)(18) / ... para 5inmg(02)
Mensaje X / 00:00:00:130 / 5inmg(02) / neighborchange /    111.00000 para 5inmg(2,2)(17)
Mensaje X / 00:00:00:130 / 5inmg(02) / neighborchange /    111.00000 para 5inmg(3,1)(22)
Mensaje X / 00:00:00:130 / 5inmg(02) / neighborchange /    111.00000 para 5inmg(3,2)(23)
Mensaje X / 00:00:00:130 / 5inmg(02) / neighborchange /    111.00000 para 5inmg(3,3)(24)
Mensaje X / 00:00:00:130 / 5inmg(02) / neighborchange /    111.00000 para 5inmg(4,2)(29)
Mensaje X / 00:00:00:130 / 5inmg(02) / neighborchange /      0.00000 para 5inmg(2,1)(16)
Mensaje X / 00:00:00:130 / 5inmg(02) / neighborchange /      0.00000 para 5inmg(3,0)(21)
Mensaje X / 00:00:00:130 / 5inmg(02) / neighborchange /      0.00000 para 5inmg(4,1)(28)
Mensaje X / 00:00:00:130 / 5inmg(02) / neighborchange /      1.00000 para 5inmg(4,3)(30)
Mensaje X / 00:00:00:130 / 5inmg(02) / neighborchange /      1.00000 para 5inmg(4,4)(31)
Mensaje X / 00:00:00:130 / 5inmg(02) / neighborchange /      1.00000 para 5inmg(5,3)(36)
Mensaje X / 00:00:00:130 / 5inmg(02) / neighborchange /      1.00000 para 5inmg(1,3)(12)
Mensaje X / 00:00:00:130 / 5inmg(02) / neighborchange /      1.00000 para 5inmg(2,3)(18)
Mensaje X / 00:00:00:130 / 5inmg(02) / neighborchange /      1.00000 para 5inmg(2,4)(19)
Mensaje D / 00:00:00:130 / 5inmg(2,2)(17) / ... para 5inmg(02)
Mensaje D / 00:00:00:130 / 5inmg(3,1)(22) / ... para 5inmg(02)
Mensaje D / 00:00:00:130 / 5inmg(3,2)(23) / 00:00:00:005 para 5inmg(02)
Mensaje D / 00:00:00:130 / 5inmg(3,3)(24) / 00:00:00:010 para 5inmg(02)
Mensaje D / 00:00:00:130 / 5inmg(4,2)(29) / ... para 5inmg(02)
Mensaje D / 00:00:00:130 / 5inmg(2,1)(16) / ... para 5inmg(02)
Mensaje D / 00:00:00:130 / 5inmg(3,0)(21) / ... para 5inmg(02)
Mensaje D / 00:00:00:130 / 5inmg(4,1)(28) / ... para 5inmg(02)
Mensaje D / 00:00:00:130 / 5inmg(4,3)(30) / 00:00:00:005 para 5inmg(02)
Mensaje D / 00:00:00:130 / 5inmg(4,4)(31) / ... para 5inmg(02)
Mensaje D / 00:00:00:130 / 5inmg(5,3)(36) / ... para 5inmg(02)
Mensaje D / 00:00:00:130 / 5inmg(1,3)(12) / ... para 5inmg(02)
Mensaje D / 00:00:00:130 / 5inmg(2,3)(18) / 00:00:00:005 para 5inmg(02)
Mensaje D / 00:00:00:130 / 5inmg(2,4)(19) / ... para 5inmg(02)
Mensaje D / 00:00:00:130 / 5inmg(02) / 00:00:00:005 para top(01)
Mensaje D / 00:00:00:130 / top(01) / 00:00:00:005 para Root(00)
Mensaje * / 00:00:00:135 / Root(00) para top(01)
Mensaje * / 00:00:00:135 / top(01) para 5inmg(02)
Mensaje * / 00:00:00:135 / 5inmg(02) para 5inmg(3,2)(23)
Mensaje * / 00:00:00:135 / 5inmg(02) para 5inmg(4,3)(30)
Mensaje * / 00:00:00:135 / 5inmg(02) para 5inmg(2,3)(18)
Mensaje Y / 00:00:00:135 / 5inmg(3,2)(23) / out /      0.00000 para 5inmg(02)
Mensaje D / 00:00:00:135 / 5inmg(3,2)(23) / ... para 5inmg(02)
Mensaje Y / 00:00:00:135 / 5inmg(4,3)(30) / out /      0.00000 para 5inmg(02)
Mensaje D / 00:00:00:135 / 5inmg(4,3)(30) / ... para 5inmg(02)
Mensaje Y / 00:00:00:135 / 5inmg(2,3)(18) / out /      0.00000 para 5inmg(02)
Mensaje D / 00:00:00:135 / 5inmg(2,3)(18) / ... para 5inmg(02)
Mensaje X / 00:00:00:135 / 5inmg(02) / neighborchange /      0.00000 para 5inmg(2,2)(17)
Mensaje X / 00:00:00:135 / 5inmg(02) / neighborchange /      0.00000 para 5inmg(3,1)(22)
Mensaje X / 00:00:00:135 / 5inmg(02) / neighborchange /      0.00000 para 5inmg(3,2)(23)
Mensaje X / 00:00:00:135 / 5inmg(02) / neighborchange /      0.00000 para 5inmg(3,3)(24)
Mensaje X / 00:00:00:135 / 5inmg(02) / neighborchange /      0.00000 para 5inmg(4,2)(29)
Mensaje X / 00:00:00:135 / 5inmg(02) / neighborchange /      0.00000 para 5inmg(4,3)(30)
Mensaje X / 00:00:00:135 / 5inmg(02) / neighborchange /      0.00000 para 5inmg(4,4)(31)
Mensaje X / 00:00:00:135 / 5inmg(02) / neighborchange /      0.00000 para 5inmg(5,3)(36)
Mensaje X / 00:00:00:135 / 5inmg(02) / neighborchange /      0.00000 para 5inmg(1,3)(12)
Mensaje X / 00:00:00:135 / 5inmg(02) / neighborchange /      0.00000 para 5inmg(2,3)(18)
Mensaje X / 00:00:00:135 / 5inmg(02) / neighborchange /      0.00000 para 5inmg(2,4)(19)
Mensaje D / 00:00:00:135 / 5inmg(2,2)(17) / ... para 5inmg(02)
Mensaje D / 00:00:00:135 / 5inmg(3,1)(22) / ... para 5inmg(02)
Mensaje D / 00:00:00:135 / 5inmg(3,2)(23) / ... para 5inmg(02)
Mensaje D / 00:00:00:135 / 5inmg(3,3)(24) / 00:00:00:005 para 5inmg(02)
Mensaje D / 00:00:00:135 / 5inmg(4,2)(29) / ... para 5inmg(02)
Mensaje D / 00:00:00:135 / 5inmg(4,3)(30) / ... para 5inmg(02)
Mensaje D / 00:00:00:135 / 5inmg(4,4)(31) / ... para 5inmg(02)
Mensaje D / 00:00:00:135 / 5inmg(5,3)(36) / ... para 5inmg(02)
Mensaje D / 00:00:00:135 / 5inmg(1,3)(12) / ... para 5inmg(02)
Mensaje D / 00:00:00:135 / 5inmg(2,3)(18) / ... para 5inmg(02)
Mensaje D / 00:00:00:135 / 5inmg(2,4)(19) / ... para 5inmg(02)
Mensaje D / 00:00:00:135 / 5inmg(02) / 00:00:00:005 para top(01)
Mensaje D / 00:00:00:135 / top(01) / 00:00:00:005 para Root(00)
Mensaje * / 00:00:00:140 / Root(00) para top(01)
Mensaje * / 00:00:00:140 / top(01) para 5inmg(02)
Mensaje * / 00:00:00:140 / 5inmg(02) para 5inmg(3,3)(24)
Mensaje Y / 00:00:00:140 / 5inmg(3,3)(24) / out /      1.00000 para 5inmg(02)
Mensaje D / 00:00:00:140 / 5inmg(3,3)(24) / ... para 5inmg(02)
Mensaje X / 00:00:00:140 / 5inmg(02) / neighborchange /      1.00000 para 5inmg(2,3)(18)
Mensaje X / 00:00:00:140 / 5inmg(02) / neighborchange /      1.00000 para 5inmg(3,2)(23)
Mensaje X / 00:00:00:140 / 5inmg(02) / neighborchange /      1.00000 para 5inmg(3,3)(24)
Mensaje X / 00:00:00:140 / 5inmg(02) / neighborchange /      1.00000 para 5inmg(3,4)(25)
Mensaje X / 00:00:00:140 / 5inmg(02) / neighborchange /      1.00000 para 5inmg(4,3)(30)
Mensaje D / 00:00:00:140 / 5inmg(2,3)(18) / ... para 5inmg(02)
Mensaje D / 00:00:00:140 / 5inmg(3,2)(23) / ... para 5inmg(02)
Mensaje D / 00:00:00:140 / 5inmg(3,3)(24) / 00:00:00:010 para 5inmg(02)
Mensaje D / 00:00:00:140 / 5inmg(3,4)(25) / 00:00:00:010 para 5inmg(02)
Mensaje D / 00:00:00:140 / 5inmg(4,3)(30) / ... para 5inmg(02)
Mensaje D / 00:00:00:140 / 5inmg(02) / 00:00:00:010 para top(01)
Mensaje D / 00:00:00:140 / top(01) / 00:00:00:010 para Root(00)
Mensaje * / 00:00:00:150 / Root(00) para top(01)
Mensaje * / 00:00:00:150 / top(01) para 5inmg(02)
Mensaje * / 00:00:00:150 / 5inmg(02) para 5inmg(3,3)(24)
Mensaje * / 00:00:00:150 / 5inmg(02) para 5inmg(3,4)(25)
Mensaje Y / 00:00:00:150 / 5inmg(3,3)(24) / out /      0.00000 para 5inmg(02)
Mensaje D / 00:00:00:150 / 5inmg(3,3)(24) / ... para 5inmg(02)
Mensaje Y / 00:00:00:150 / 5inmg(3,4)(25) / out /      1.00000 para 5inmg(02)
Mensaje D / 00:00:00:150 / 5inmg(3,4)(25) / ... para 5inmg(02)
Mensaje X / 00:00:00:150 / 5inmg(02) / neighborchange /      0.00000 para 5inmg(2,3)(18)
Mensaje X / 00:00:00:150 / 5inmg(02) / neighborchange /      0.00000 para 5inmg(3,2)(23)
Mensaje X / 00:00:00:150 / 5inmg(02) / neighborchange /      0.00000 para 5inmg(3,3)(24)
Mensaje X / 00:00:00:150 / 5inmg(02) / neighborchange /      0.00000 para 5inmg(3,4)(25)
Mensaje X / 00:00:00:150 / 5inmg(02) / neighborchange /      0.00000 para 5inmg(4,3)(30)
Mensaje X / 00:00:00:150 / 5inmg(02) / neighborchange /      1.00000 para 5inmg(2,4)(19)
Mensaje X / 00:00:00:150 / 5inmg(02) / neighborchange /      1.00000 para 5inmg(3,5)(26)
Mensaje X / 00:00:00:150 / 5inmg(02) / neighborchange /      1.00000 para 5inmg(4,4)(31)
Mensaje D / 00:00:00:150 / 5inmg(2,3)(18) / ... para 5inmg(02)
Mensaje D / 00:00:00:150 / 5inmg(3,2)(23) / ... para 5inmg(02)
Mensaje D / 00:00:00:150 / 5inmg(3,3)(24) / ... para 5inmg(02)
Mensaje D / 00:00:00:150 / 5inmg(3,4)(25) / 00:00:00:005 para 5inmg(02)
Mensaje D / 00:00:00:150 / 5inmg(4,3)(30) / ... para 5inmg(02)
Mensaje D / 00:00:00:150 / 5inmg(2,4)(19) / ... para 5inmg(02)
Mensaje D / 00:00:00:150 / 5inmg(3,5)(26) / 00:00:00:010 para 5inmg(02)
Mensaje D / 00:00:00:150 / 5inmg(4,4)(31) / ... para 5inmg(02)
Mensaje D / 00:00:00:150 / 5inmg(02) / 00:00:00:005 para top(01)
Mensaje D / 00:00:00:150 / top(01) / 00:00:00:005 para Root(00)
Mensaje * / 00:00:00:155 / Root(00) para top(01)
Mensaje * / 00:00:00:155 / top(01) para 5inmg(02)
Mensaje * / 00:00:00:155 / 5inmg(02) para 5inmg(3,4)(25)
Mensaje Y / 00:00:00:155 / 5inmg(3,4)(25) / out /      0.00000 para 5inmg(02)
Mensaje D / 00:00:00:155 / 5inmg(3,4)(25) / ... para 5inmg(02)
Mensaje X / 00:00:00:155 / 5inmg(02) / neighborchange /      0.00000 para 5inmg(2,4)(19)
Mensaje X / 00:00:00:155 / 5inmg(02) / neighborchange /      0.00000 para 5inmg(3,3)(24)
Mensaje X / 00:00:00:155 / 5inmg(02) / neighborchange /      0.00000 para 5inmg(3,4)(25)
Mensaje X / 00:00:00:155 / 5inmg(02) / neighborchange /      0.00000 para 5inmg(3,5)(26)
Mensaje X / 00:00:00:155 / 5inmg(02) / neighborchange /      0.00000 para 5inmg(4,4)(31)
Mensaje D / 00:00:00:155 / 5inmg(2,4)(19) / ... para 5inmg(02)
Mensaje D / 00:00:00:155 / 5inmg(3,3)(24) / ... para 5inmg(02)
Mensaje D / 00:00:00:155 / 5inmg(3,4)(25) / ... para 5inmg(02)
Mensaje D / 00:00:00:155 / 5inmg(3,5)(26) / 00:00:00:005 para 5inmg(02)
Mensaje D / 00:00:00:155 / 5inmg(4,4)(31) / ... para 5inmg(02)
Mensaje D / 00:00:00:155 / 5inmg(02) / 00:00:00:005 para top(01)
Mensaje D / 00:00:00:155 / top(01) / 00:00:00:005 para Root(00)
Mensaje * / 00:00:00:160 / Root(00) para top(01)
Mensaje * / 00:00:00:160 / top(01) para 5inmg(02)
Mensaje * / 00:00:00:160 / 5inmg(02) para 5inmg(3,5)(26)
Mensaje Y / 00:00:00:160 / 5inmg(3,5)(26) / out /      1.00000 para 5inmg(02)
Mensaje D / 00:00:00:160 / 5inmg(3,5)(26) / ... para 5inmg(02)
Mensaje Y / 00:00:00:160 / 5inmg(02) / out /      1.00000 para top(01)
Mensaje X / 00:00:00:160 / 5inmg(02) / neighborchange /      1.00000 para 5inmg(2,5)(20)
Mensaje X / 00:00:00:160 / 5inmg(02) / neighborchange /      1.00000 para 5inmg(3,4)(25)
Mensaje X / 00:00:00:160 / 5inmg(02) / neighborchange /      1.00000 para 5inmg(3,5)(26)
Mensaje X / 00:00:00:160 / 5inmg(02) / neighborchange /      1.00000 para 5inmg(4,5)(32)
Mensaje Y / 00:00:00:160 / top(01) / out /      1.00000 para Root(00)
Mensaje D / 00:00:00:160 / 5inmg(2,5)(20) / ... para 5inmg(02)
Mensaje D / 00:00:00:160 / 5inmg(3,4)(25) / ... para 5inmg(02)
Mensaje D / 00:00:00:160 / 5inmg(3,5)(26) / 00:00:00:001 para 5inmg(02)
Mensaje D / 00:00:00:160 / 5inmg(4,5)(32) / ... para 5inmg(02)
Mensaje D / 00:00:00:160 / 5inmg(02) / 00:00:00:001 para top(01)
Mensaje D / 00:00:00:160 / top(01) / 00:00:00:001 para Root(00)
Mensaje * / 00:00:00:161 / Root(00) para top(01)
Mensaje * / 00:00:00:161 / top(01) para 5inmg(02)
Mensaje * / 00:00:00:161 / 5inmg(02) para 5inmg(3,5)(26)
Mensaje Y / 00:00:00:161 / 5inmg(3,5)(26) / out /      0.00000 para 5inmg(02)
Mensaje D / 00:00:00:161 / 5inmg(3,5)(26) / ... para 5inmg(02)
Mensaje Y / 00:00:00:161 / 5inmg(02) / out /      0.00000 para top(01)
Mensaje X / 00:00:00:161 / 5inmg(02) / neighborchange /      0.00000 para 5inmg(2,5)(20)
Mensaje X / 00:00:00:161 / 5inmg(02) / neighborchange /      0.00000 para 5inmg(3,4)(25)
Mensaje X / 00:00:00:161 / 5inmg(02) / neighborchange /      0.00000 para 5inmg(3,5)(26)
Mensaje X / 00:00:00:161 / 5inmg(02) / neighborchange /      0.00000 para 5inmg(4,5)(32)
Mensaje Y / 00:00:00:161 / top(01) / out /      0.00000 para Root(00)
Mensaje D / 00:00:00:161 / 5inmg(2,5)(20) / ... para 5inmg(02)
Mensaje D / 00:00:00:161 / 5inmg(3,4)(25) / ... para 5inmg(02)
Mensaje D / 00:00:00:161 / 5inmg(3,5)(26) / ... para 5inmg(02)
Mensaje D / 00:00:00:161 / 5inmg(4,5)(32) / ... para 5inmg(02)
Mensaje D / 00:00:00:161 / 5inmg(02) / ... para top(01)
Mensaje D / 00:00:00:161 / top(01) / ... para Root(00)
